#
# A fatal error has been detected by the Java Runtime Environment:
#
#  EXCEPTION_ACCESS_VIOLATION (0xc0000005) at pc=0x00000000629d8660, pid=3080, tid=1360
#
# JRE version: Java(TM) SE Runtime Environment (8.0_20-b26) (build 1.8.0_20-b26)
# Java VM: Java HotSpot(TM) 64-Bit Server VM (25.20-b23 mixed mode windows-amd64 compressed oops)
# Problematic frame:
# C  [gdx-bullet64.dll+0x198660]
#
# Failed to write core dump. Minidumps are not enabled by default on client versions of Windows
#
# If you would like to submit a bug report, please visit:
#   http://bugreport.sun.com/bugreport/crash.jsp
# The crash happened outside the Java Virtual Machine in native code.
# See problematic frame for where to report the bug.
#

---------------  T H R E A D  ---------------

Current thread (0x0000000019a56800):  JavaThread "LWJGL Application" [_thread_in_native, id=1360, stack(0x000000001ab70000,0x000000001ac70000)]

siginfo: ExceptionCode=0xc0000005, reading address 0x0000000000000030

Registers:
RAX=0x00000000629d8660, RBX=0x000000001e6d56d8, RCX=0x0000000019a569e8, RDX=0x000000001ac6ea98
RSP=0x000000001ac6ea08, RBP=0x000000001ac6ea88, RSI=0x0000000000000000, RDI=0x0000000000000001
R8 =0x0000000000000000, R9 =0x000000001ac6eaa8, R10=0x0000000002475508, R11=0x00000000716e14f0
R12=0x0000000000000000, R13=0x000000001e6d56d8, R14=0x000000001ac6eab8, R15=0x0000000019a56800
RIP=0x00000000629d8660, EFLAGS=0x0000000000010283

Top of Stack: (sp=0x000000001ac6ea08)
0x000000001ac6ea08:   0000000002475534 0000000000000003
0x000000001ac6ea18:   0000000000000000 000000001ac6ea10
0x000000001ac6ea28:   000000001e758455 000000001ac6ea70
0x000000001ac6ea38:   000000001e75c3a0 0000000000000000
0x000000001ac6ea48:   000000001ac6ea48 0000000000000000
0x000000001ac6ea58:   000000001ac6eab8 000000001beff238
0x000000001ac6ea68:   0000000000000000 000000001e6d56d8
0x000000001ac6ea78:   0000000000000000 000000001ac6eaa8
0x000000001ac6ea88:   000000001ac6eb00 0000000002467540
0x000000001ac6ea98:   00000000818b2138 000000000246f6b7
0x000000001ac6eaa8:   0000000081b5dea0 0000000000000000
0x000000001ac6eab8:   000000001ac6eb10 000000001ac6eac0
0x000000001ac6eac8:   000000001c0b97ed 000000001ac6eb20
0x000000001ac6ead8:   000000001e756038 0000000000000000
0x000000001ac6eae8:   000000001c0b9828 000000001ac6eaa8
0x000000001ac6eaf8:   000000001ac6eb20 000000001ac6eb68 

Instructions: (pc=0x00000000629d8660)
0x00000000629d8640:   e8 1b aa 10 00 48 8b 4c 24 28 c7 44 24 48 ff ff
0x00000000629d8650:   ff ff e8 19 dd 0c 00 90 0f 1f 84 00 00 00 00 00
0x00000000629d8660:   49 8b 40 30 c3 66 66 2e 0f 1f 84 00 00 00 00 00
0x00000000629d8670:   49 8b 00 4c 89 c1 48 8b 80 88 00 00 00 48 ff e0 


Register to memory mapping:

RAX=0x00000000629d8660 is an unknown value
RBX={method} {0x000000001e6d56e0} 'btCompoundShape_getChildList' '(JLcom/badlogic/gdx/physics/bullet/collision/btCompoundShape;)J' in 'com/badlogic/gdx/physics/bullet/collision/CollisionJNI'
RCX=0x0000000019a569e8 is an unknown value
RDX=0x000000001ac6ea98 is pointing into the stack for thread: 0x0000000019a56800
RSP=0x000000001ac6ea08 is pointing into the stack for thread: 0x0000000019a56800
RBP=0x000000001ac6ea88 is pointing into the stack for thread: 0x0000000019a56800
RSI=0x0000000000000000 is an unknown value
RDI=0x0000000000000001 is an unknown value
R8 =0x0000000000000000 is an unknown value
R9 =0x000000001ac6eaa8 is pointing into the stack for thread: 0x0000000019a56800
R10=0x0000000002475508 is at code_begin+840 in an Interpreter codelet
method entry point (kind = native)  [0x00000000024751c0, 0x0000000002475b20]  2400 bytes
R11=0x00000000716e14f0 is an unknown value
R12=0x0000000000000000 is an unknown value
R13={method} {0x000000001e6d56e0} 'btCompoundShape_getChildList' '(JLcom/badlogic/gdx/physics/bullet/collision/btCompoundShape;)J' in 'com/badlogic/gdx/physics/bullet/collision/CollisionJNI'
R14=0x000000001ac6eab8 is pointing into the stack for thread: 0x0000000019a56800
R15=0x0000000019a56800 is a thread


Stack: [0x000000001ab70000,0x000000001ac70000],  sp=0x000000001ac6ea08,  free space=1018k
Native frames: (J=compiled Java code, j=interpreted, Vv=VM code, C=native code)
C  [gdx-bullet64.dll+0x198660]
C  0x0000000002475534

Java frames: (J=compiled Java code, j=interpreted, Vv=VM code)
j  com.badlogic.gdx.physics.bullet.collision.CollisionJNI.btCompoundShape_getChildList(JLcom/badlogic/gdx/physics/bullet/collision/btCompoundShape;)J+0
j  com.badlogic.gdx.physics.bullet.collision.btCompoundShape.getChildList()Lcom/badlogic/gdx/physics/bullet/collision/btCompoundShapeChild;+5
j  com.henrik.gdxFramework.entities.components.PhysicsComponent.dispose()V+11
j  com.henrik.advergame.entities.PhysicalEntity.dispose()V+4
j  com.henrik.advergame.entities.LevelEntity.dispose()V+1
j  com.henrik.advergame.systems.mapentities.Door.dispose()V+1
j  com.henrik.advergame.systems.mapentities.Switch.dispose()V+28
j  com.henrik.advergame.level.Level.dispose()V+88
j  com.henrik.advergame.worlds.GameWorld.dispose()V+11
j  com.henrik.advergame.states.InGame.clear()V+11
j  com.henrik.advergame.states.InGame.dispose()V+5
j  com.henrik.gdxFramework.core.GameStateCollection.dispose()V+24
j  com.henrik.gdxFramework.core.GameBase.dispose()V+4
j  com.henrik.advergame.Game.dispose()V+14
j  com.badlogic.gdx.backends.lwjgl.LwjglApplication.mainLoop()V+822
j  com.badlogic.gdx.backends.lwjgl.LwjglApplication$1.run()V+27
v  ~StubRoutines::call_stub

---------------  P R O C E S S  ---------------

Java Threads: ( => current thread )
  0x0000000019e49000 JavaThread "RMI TCP Connection(2)-192.168.56.1" daemon [_thread_in_native, id=768, stack(0x0000000024c50000,0x0000000024d50000)]
  0x0000000019e4a800 JavaThread "JMX server connection timeout 22" daemon [_thread_blocked, id=6920, stack(0x0000000024b50000,0x0000000024c50000)]
  0x000000001a046000 JavaThread "RMI Scheduler(0)" daemon [_thread_blocked, id=5800, stack(0x0000000024a50000,0x0000000024b50000)]
  0x000000001a045000 JavaThread "RMI TCP Connection(1)-192.168.56.1" daemon [_thread_in_native, id=2312, stack(0x0000000024950000,0x0000000024a50000)]
  0x0000000019d68800 JavaThread "RMI TCP Accept-0" daemon [_thread_in_native, id=6792, stack(0x0000000024850000,0x0000000024950000)]
  0x00000000216b1800 JavaThread "LWJGL Timer" daemon [_thread_blocked, id=5612, stack(0x0000000023550000,0x0000000023650000)]
  0x0000000002363800 JavaThread "DestroyJavaVM" [_thread_blocked, id=5380, stack(0x0000000002260000,0x0000000002360000)]
=>0x0000000019a56800 JavaThread "LWJGL Application" [_thread_in_native, id=1360, stack(0x000000001ab70000,0x000000001ac70000)]
  0x000000001940b800 JavaThread "Java2D Disposer" daemon [_thread_blocked, id=6016, stack(0x000000001a050000,0x000000001a150000)]
  0x00000000192b6000 JavaThread "Monitor Ctrl-Break" daemon [_thread_in_native, id=1328, stack(0x0000000019660000,0x0000000019760000)]
  0x00000000190c8800 JavaThread "Service Thread" daemon [_thread_blocked, id=6540, stack(0x0000000019460000,0x0000000019560000)]
  0x0000000017203000 JavaThread "C1 CompilerThread2" daemon [_thread_blocked, id=5796, stack(0x0000000018f60000,0x0000000019060000)]
  0x00000000171f9800 JavaThread "C2 CompilerThread1" daemon [_thread_blocked, id=7156, stack(0x0000000018e60000,0x0000000018f60000)]
  0x00000000171f5800 JavaThread "C2 CompilerThread0" daemon [_thread_blocked, id=3276, stack(0x0000000018d60000,0x0000000018e60000)]
  0x00000000171f1800 JavaThread "Attach Listener" daemon [_thread_blocked, id=5020, stack(0x0000000018c60000,0x0000000018d60000)]
  0x00000000171f0000 JavaThread "Signal Dispatcher" daemon [_thread_blocked, id=5432, stack(0x0000000018b60000,0x0000000018c60000)]
  0x0000000002459000 JavaThread "Finalizer" daemon [_thread_blocked, id=1688, stack(0x0000000018a60000,0x0000000018b60000)]
  0x0000000002452000 JavaThread "Reference Handler" daemon [_thread_blocked, id=6244, stack(0x0000000018960000,0x0000000018a60000)]

Other Threads:
  0x00000000171b7000 VMThread [stack: 0x0000000018860000,0x0000000018960000] [id=5788]
  0x00000000190dc000 WatcherThread [stack: 0x0000000019560000,0x0000000019660000] [id=6080]

VM state:not at safepoint (normal execution)

VM Mutex/Monitor currently owned by a thread: None

Heap:
 PSYoungGen      total 71680K, used 11818K [0x00000000d5d80000, 0x00000000da880000, 0x0000000100000000)
  eden space 66560K, 17% used [0x00000000d5d80000,0x00000000d690ab88,0x00000000d9e80000)
  from space 5120K, 0% used [0x00000000d9e80000,0x00000000d9e80000,0x00000000da380000)
  to   space 5120K, 0% used [0x00000000da380000,0x00000000da380000,0x00000000da880000)
 ParOldGen       total 87552K, used 5551K [0x0000000081800000, 0x0000000086d80000, 0x00000000d5d80000)
  object space 87552K, 6% used [0x0000000081800000,0x0000000081d6bc90,0x0000000086d80000)
 Metaspace       used 17809K, capacity 18125K, committed 18304K, reserved 1064960K
  class space    used 1779K, capacity 1856K, committed 1920K, reserved 1048576K

Card table byte_map: [0x0000000011820000,0x0000000011c20000] byte_map_base: 0x0000000011414000

Marking Bits: (ParMarkBitMap*) 0x0000000071cab460
 Begin Bits: [0x00000000124d0000, 0x0000000014470000)
 End Bits:   [0x0000000014470000, 0x0000000016410000)

Polling page: 0x0000000000a60000

CodeCache: size=245760Kb used=8147Kb max_used=8160Kb free=237612Kb
 bounds [0x0000000002460000, 0x0000000002c70000, 0x0000000011460000]
 total_blobs=3319 nmethods=2439 adapters=794
 compilation: enabled

Compilation events (10 events):
Event: 79.093 Thread 0x0000000017203000 nmethod 2759 0x00000000029f3c90 code [0x00000000029f3de0, 0x00000000029f3f30]
Event: 79.093 Thread 0x0000000017203000 2760       3       java.util.concurrent.locks.AbstractQueuedSynchronizer::release (33 bytes)
Event: 79.093 Thread 0x0000000017203000 nmethod 2760 0x0000000002c3d610 code [0x0000000002c3d780, 0x0000000002c3da98]
Event: 79.094 Thread 0x0000000017203000 2761       3       com.badlogic.gdx.utils.ObjectMap::getStash (49 bytes)
Event: 79.094 Thread 0x0000000017203000 nmethod 2761 0x0000000002b06390 code [0x0000000002b06520, 0x0000000002b068c8]
Event: 79.094 Thread 0x0000000017203000 2762       3       com.badlogic.gdx.utils.Logger::debug (22 bytes)
Event: 79.094 Thread 0x0000000017203000 nmethod 2762 0x00000000029df790 code [0x00000000029df900, 0x00000000029dfb28]
Event: 79.094 Thread 0x0000000017203000 2763       3       org.lwjgl.opengl.APIUtil::getBufferInt (8 bytes)
Event: 79.095 Thread 0x00000000171f9800 2764       4       com.badlogic.gdx.utils.Array::removeValue (99 bytes)
Event: 79.095 Thread 0x0000000017203000 nmethod 2763 0x0000000002b06010 code [0x0000000002b06160, 0x0000000002b062b0]

GC Heap History (8 events):
Event: 0.745 GC heap before
{Heap before GC invocations=1 (full 0):
 PSYoungGen      total 38400K, used 31277K [0x00000000d5d80000, 0x00000000d8800000, 0x0000000100000000)
  eden space 33280K, 93% used [0x00000000d5d80000,0x00000000d7c0b580,0x00000000d7e00000)
  from space 5120K, 0% used [0x00000000d8300000,0x00000000d8300000,0x00000000d8800000)
  to   space 5120K, 0% used [0x00000000d7e00000,0x00000000d7e00000,0x00000000d8300000)
 ParOldGen       total 87552K, used 0K [0x0000000081800000, 0x0000000086d80000, 0x00000000d5d80000)
  object space 87552K, 0% used [0x0000000081800000,0x0000000081800000,0x0000000086d80000)
 Metaspace       used 7099K, capacity 7196K, committed 7552K, reserved 1056768K
  class space    used 759K, capacity 790K, committed 896K, reserved 1048576K
Event: 0.756 GC heap after
Heap after GC invocations=1 (full 0):
 PSYoungGen      total 38400K, used 5088K [0x00000000d5d80000, 0x00000000da880000, 0x0000000100000000)
  eden space 33280K, 0% used [0x00000000d5d80000,0x00000000d5d80000,0x00000000d7e00000)
  from space 5120K, 99% used [0x00000000d7e00000,0x00000000d82f8020,0x00000000d8300000)
  to   space 5120K, 0% used [0x00000000da380000,0x00000000da380000,0x00000000da880000)
 ParOldGen       total 87552K, used 8801K [0x0000000081800000, 0x0000000086d80000, 0x00000000d5d80000)
  object space 87552K, 10% used [0x0000000081800000,0x0000000082098718,0x0000000086d80000)
 Metaspace       used 7099K, capacity 7196K, committed 7552K, reserved 1056768K
  class space    used 759K, capacity 790K, committed 896K, reserved 1048576K
}
Event: 2.933 GC heap before
{Heap before GC invocations=2 (full 0):
 PSYoungGen      total 38400K, used 38368K [0x00000000d5d80000, 0x00000000da880000, 0x0000000100000000)
  eden space 33280K, 100% used [0x00000000d5d80000,0x00000000d7e00000,0x00000000d7e00000)
  from space 5120K, 99% used [0x00000000d7e00000,0x00000000d82f8020,0x00000000d8300000)
  to   space 5120K, 0% used [0x00000000da380000,0x00000000da380000,0x00000000da880000)
 ParOldGen       total 87552K, used 8801K [0x0000000081800000, 0x0000000086d80000, 0x00000000d5d80000)
  object space 87552K, 10% used [0x0000000081800000,0x0000000082098718,0x0000000086d80000)
 Metaspace       used 11595K, capacity 11749K, committed 12032K, reserved 1060864K
  class space    used 1151K, capacity 1207K, committed 1280K, reserved 1048576K
Event: 2.962 GC heap after
Heap after GC invocations=2 (full 0):
 PSYoungGen      total 71680K, used 5080K [0x00000000d5d80000, 0x00000000da880000, 0x0000000100000000)
  eden space 66560K, 0% used [0x00000000d5d80000,0x00000000d5d80000,0x00000000d9e80000)
  from space 5120K, 99% used [0x00000000da380000,0x00000000da876138,0x00000000da880000)
  to   space 5120K, 0% used [0x00000000d9e80000,0x00000000d9e80000,0x00000000da380000)
 ParOldGen       total 87552K, used 8809K [0x0000000081800000, 0x0000000086d80000, 0x00000000d5d80000)
  object space 87552K, 10% used [0x0000000081800000,0x000000008209a718,0x0000000086d80000)
 Metaspace       used 11595K, capacity 11749K, committed 12032K, reserved 1060864K
  class space    used 1151K, capacity 1207K, committed 1280K, reserved 1048576K
}
Event: 16.643 GC heap before
{Heap before GC invocations=3 (full 0):
 PSYoungGen      total 71680K, used 25841K [0x00000000d5d80000, 0x00000000da880000, 0x0000000100000000)
  eden space 66560K, 31% used [0x00000000d5d80000,0x00000000d71c6308,0x00000000d9e80000)
  from space 5120K, 99% used [0x00000000da380000,0x00000000da876138,0x00000000da880000)
  to   space 5120K, 0% used [0x00000000d9e80000,0x00000000d9e80000,0x00000000da380000)
 ParOldGen       total 87552K, used 8809K [0x0000000081800000, 0x0000000086d80000, 0x00000000d5d80000)
  object space 87552K, 10% used [0x0000000081800000,0x000000008209a718,0x0000000086d80000)
 Metaspace       used 17519K, capacity 17805K, committed 18048K, reserved 1064960K
  class space    used 1773K, capacity 1846K, committed 1920K, reserved 1048576K
Event: 16.650 GC heap after
Heap after GC invocations=3 (full 0):
 PSYoungGen      total 71680K, used 5097K [0x00000000d5d80000, 0x00000000da880000, 0x0000000100000000)
  eden space 66560K, 0% used [0x00000000d5d80000,0x00000000d5d80000,0x00000000d9e80000)
  from space 5120K, 99% used [0x00000000d9e80000,0x00000000da37a5f8,0x00000000da380000)
  to   space 5120K, 0% used [0x00000000da380000,0x00000000da380000,0x00000000da880000)
 ParOldGen       total 87552K, used 9171K [0x0000000081800000, 0x0000000086d80000, 0x00000000d5d80000)
  object space 87552K, 10% used [0x0000000081800000,0x00000000820f4d60,0x0000000086d80000)
 Metaspace       used 17519K, capacity 17805K, committed 18048K, reserved 1064960K
  class space    used 1773K, capacity 1846K, committed 1920K, reserved 1048576K
}
Event: 16.650 GC heap before
{Heap before GC invocations=4 (full 1):
 PSYoungGen      total 71680K, used 5097K [0x00000000d5d80000, 0x00000000da880000, 0x0000000100000000)
  eden space 66560K, 0% used [0x00000000d5d80000,0x00000000d5d80000,0x00000000d9e80000)
  from space 5120K, 99% used [0x00000000d9e80000,0x00000000da37a5f8,0x00000000da380000)
  to   space 5120K, 0% used [0x00000000da380000,0x00000000da380000,0x00000000da880000)
 ParOldGen       total 87552K, used 9171K [0x0000000081800000, 0x0000000086d80000, 0x00000000d5d80000)
  object space 87552K, 10% used [0x0000000081800000,0x00000000820f4d60,0x0000000086d80000)
 Metaspace       used 17519K, capacity 17805K, committed 18048K, reserved 1064960K
  class space    used 1773K, capacity 1846K, committed 1920K, reserved 1048576K
Event: 16.683 GC heap after
Heap after GC invocations=4 (full 1):
 PSYoungGen      total 71680K, used 0K [0x00000000d5d80000, 0x00000000da880000, 0x0000000100000000)
  eden space 66560K, 0% used [0x00000000d5d80000,0x00000000d5d80000,0x00000000d9e80000)
  from space 5120K, 0% used [0x00000000d9e80000,0x00000000d9e80000,0x00000000da380000)
  to   space 5120K, 0% used [0x00000000da380000,0x00000000da380000,0x00000000da880000)
 ParOldGen       total 87552K, used 5551K [0x0000000081800000, 0x0000000086d80000, 0x00000000d5d80000)
  object space 87552K, 6% used [0x0000000081800000,0x0000000081d6bc90,0x0000000086d80000)
 Metaspace       used 17517K, capacity 17803K, committed 18048K, reserved 1064960K
  class space    used 1773K, capacity 1845K, committed 1920K, reserved 1048576K
}

Deoptimization events (9 events):
Event: 0.506 Thread 0x0000000002363800 Uncommon trap: reason=unreached action=reinterpret pc=0x0000000002633a70 method=sun.security.provider.DigestBase.engineUpdate(B)V @ 4
Event: 0.850 Thread 0x0000000002363800 Uncommon trap: reason=unreached action=reinterpret pc=0x000000000269531c method=java.awt.image.DirectColorModel.getDataElements(ILjava/lang/Object;)Ljava/lang/Object; @ 11
Event: 2.665 Thread 0x0000000019a56800 Uncommon trap: reason=unreached action=reinterpret pc=0x0000000002835b60 method=com.badlogic.gdx.graphics.g2d.freetype.FreeTypeFontGenerator$FreeTypeBitmapFontData.getGlyph(C)Lcom/badlogic/gdx/graphics/g2d/BitmapFont$Glyph; @ 7
Event: 8.268 Thread 0x0000000019a56800 Uncommon trap: reason=unreached action=reinterpret pc=0x000000000296a074 method=java.util.HashMap.getNode(ILjava/lang/Object;)Ljava/util/HashMap$Node; @ 84
Event: 8.313 Thread 0x0000000019a56800 Uncommon trap: reason=null_check action=make_not_entrant pc=0x000000000291d7bc method=com.badlogic.gdx.utils.ObjectIntMap.get(Ljava/lang/Object;I)I @ 21
Event: 8.601 Thread 0x0000000019a56800 Uncommon trap: reason=array_check action=maybe_recompile pc=0x00000000029e5990 method=com.badlogic.gdx.utils.Array.add(Ljava/lang/Object;)V @ 46
Event: 8.617 Thread 0x0000000019a56800 Uncommon trap: reason=array_check action=maybe_recompile pc=0x00000000029e5990 method=com.badlogic.gdx.utils.Array.add(Ljava/lang/Object;)V @ 46
Event: 8.638 Thread 0x0000000019a56800 Uncommon trap: reason=array_check action=maybe_recompile pc=0x00000000029e5990 method=com.badlogic.gdx.utils.Array.add(Ljava/lang/Object;)V @ 46
Event: 8.651 Thread 0x0000000019a56800 Uncommon trap: reason=array_check action=maybe_recompile pc=0x00000000029e5990 method=com.badlogic.gdx.utils.Array.add(Ljava/lang/Object;)V @ 46

Internal exceptions (10 events):
Event: 12.410 Thread 0x000000001a045000 Exception <a 'java/lang/ClassNotFoundException': javax/management/remote/rmi/RMIConnectionImpl_Skel> (0x00000000d6f597a0) thrown at [D:\re\workspace\8-2-build-windows-amd64-cygwin\jdk8u20\1074\hotspot\src\share\vm\classfile\systemDictionary.cpp, line 202]
Event: 12.427 Thread 0x000000001a045000 Exception <a 'java/lang/NoSuchMethodError': <clinit>> (0x00000000d7015c10) thrown at [D:\re\workspace\8-2-build-windows-amd64-cygwin\jdk8u20\1074\hotspot\src\share\vm\prims\jni.cpp, line 1603]
Event: 12.428 Thread 0x000000001a045000 Exception <a 'java/lang/NoSuchMethodError': <clinit>> (0x00000000d7023798) thrown at [D:\re\workspace\8-2-build-windows-amd64-cygwin\jdk8u20\1074\hotspot\src\share\vm\prims\jni.cpp, line 1603]
Event: 12.428 Thread 0x000000001a045000 Exception <a 'java/lang/NoSuchMethodError': <clinit>> (0x00000000d70240b0) thrown at [D:\re\workspace\8-2-build-windows-amd64-cygwin\jdk8u20\1074\hotspot\src\share\vm\prims\jni.cpp, line 1603]
Event: 12.431 Thread 0x000000001a045000 Exception <a 'java/lang/NoSuchMethodError': <clinit>> (0x00000000d703e950) thrown at [D:\re\workspace\8-2-build-windows-amd64-cygwin\jdk8u20\1074\hotspot\src\share\vm\prims\jni.cpp, line 1603]
Event: 12.431 Thread 0x000000001a045000 Exception <a 'java/lang/NoSuchMethodError': <clinit>> (0x00000000d703f4f8) thrown at [D:\re\workspace\8-2-build-windows-amd64-cygwin\jdk8u20\1074\hotspot\src\share\vm\prims\jni.cpp, line 1603]
Event: 12.431 Thread 0x000000001a045000 Exception <a 'java/lang/NoSuchMethodError': <clinit>> (0x00000000d7040070) thrown at [D:\re\workspace\8-2-build-windows-amd64-cygwin\jdk8u20\1074\hotspot\src\share\vm\prims\jni.cpp, line 1603]
Event: 13.445 Thread 0x000000001a045000 Exception <a 'java/lang/NoSuchMethodError': <clinit>> (0x00000000d708ffe0) thrown at [D:\re\workspace\8-2-build-windows-amd64-cygwin\jdk8u20\1074\hotspot\src\share\vm\prims\jni.cpp, line 1603]
Event: 13.463 Thread 0x000000001a045000 Exception <a 'java/lang/NoSuchMethodError': <clinit>> (0x00000000d70a44e0) thrown at [D:\re\workspace\8-2-build-windows-amd64-cygwin\jdk8u20\1074\hotspot\src\share\vm\prims\jni.cpp, line 1603]
Event: 79.090 Thread 0x0000000019a56800 Exception <a 'java/security/PrivilegedActionException'> (0x00000000d680bb50) thrown at [D:\re\workspace\8-2-build-windows-amd64-cygwin\jdk8u20\1074\hotspot\src\share\vm\prims\jvm.cpp, line 1275]

Events (10 events):
Event: 63.506 Thread 0x0000000017203000 flushing nmethod 0x00000000029df790
Event: 63.506 Thread 0x0000000017203000 flushing nmethod 0x00000000029f3b90
Event: 71.695 Thread 0x00000000171f5800 flushing nmethod 0x0000000002b05dd0
Event: 71.695 Thread 0x00000000171f5800 flushing nmethod 0x0000000002b08310
Event: 79.090 loading class com/badlogic/gdx/backends/lwjgl/LwjglApplication$2
Event: 79.090 loading class com/badlogic/gdx/backends/lwjgl/LwjglApplication$2 done
Event: 79.093 Thread 0x0000000019d92800 Thread exited: 0x0000000019d92800
Event: 79.094 Executing VM operation: RevokeBias
Event: 79.094 Executing VM operation: RevokeBias done
Event: 79.094 Thread 0x00000000190df000 Thread exited: 0x00000000190df000


Dynamic libraries:
0x00007ff7e0ac0000 - 0x00007ff7e0af4000 	C:\Program Files\Java\jdk1.8.0_20\bin\java.exe
0x00007ffaa1e20000 - 0x00007ffaa1fcc000 	C:\WINDOWS\SYSTEM32\ntdll.dll
0x00007ffa9fd50000 - 0x00007ffa9fe8e000 	C:\WINDOWS\system32\KERNEL32.DLL
0x00007ffa9f380000 - 0x00007ffa9f495000 	C:\WINDOWS\system32\KERNELBASE.dll
0x00007ffa9db10000 - 0x00007ffa9db9e000 	C:\WINDOWS\system32\apphelp.dll
0x00007ffa87bb0000 - 0x00007ffa87c03000 	C:\WINDOWS\AppPatch\AppPatch64\AcGenral.DLL
0x00007ffaa1d70000 - 0x00007ffaa1e1a000 	C:\WINDOWS\system32\msvcrt.dll
0x00007ffa9ee10000 - 0x00007ffa9ee3e000 	C:\WINDOWS\SYSTEM32\SspiCli.dll
0x00007ffa9f8c0000 - 0x00007ffa9f914000 	C:\WINDOWS\system32\SHLWAPI.dll
0x00007ffaa1b30000 - 0x00007ffaa1ca7000 	C:\WINDOWS\system32\USER32.dll
0x00007ffa9f540000 - 0x00007ffa9f6d4000 	C:\WINDOWS\system32\ole32.dll
0x00007ffaa03e0000 - 0x00007ffaa18f8000 	C:\WINDOWS\system32\SHELL32.dll
0x00007ffa9e4a0000 - 0x00007ffa9e4c1000 	C:\WINDOWS\SYSTEM32\USERENV.dll
0x00007ffaa1cb0000 - 0x00007ffaa1d5a000 	C:\WINDOWS\system32\ADVAPI32.dll
0x00007ffa95b90000 - 0x00007ffa95bae000 	C:\WINDOWS\SYSTEM32\MPR.dll
0x00007ffa9fc00000 - 0x00007ffa9fd41000 	C:\WINDOWS\system32\RPCRT4.dll
0x00007ffa9f920000 - 0x00007ffa9f979000 	C:\WINDOWS\SYSTEM32\sechost.dll
0x00007ffaa1910000 - 0x00007ffaa1b21000 	C:\WINDOWS\SYSTEM32\combase.dll
0x00007ffaa0110000 - 0x00007ffaa0261000 	C:\WINDOWS\system32\GDI32.dll
0x00007ffa9ef70000 - 0x00007ffa9ef85000 	C:\WINDOWS\SYSTEM32\profapi.dll
0x00007ffa9d770000 - 0x00007ffa9d822000 	C:\WINDOWS\SYSTEM32\SHCORE.dll
0x00007ffaa03a0000 - 0x00007ffaa03d6000 	C:\WINDOWS\system32\IMM32.DLL
0x00007ffa9fe90000 - 0x00007ffa9ffe2000 	C:\WINDOWS\system32\MSCTF.dll
0x00007ffa9d2f0000 - 0x00007ffa9d56b000 	C:\WINDOWS\WinSxS\amd64_microsoft.windows.common-controls_6595b64144ccf1df_6.0.9600.17784_none_624760d1ecb7236e\COMCTL32.dll
0x0000000071d30000 - 0x0000000071e02000 	C:\Program Files\Java\jdk1.8.0_20\jre\bin\msvcr100.dll
0x00000000714d0000 - 0x0000000071d28000 	C:\Program Files\Java\jdk1.8.0_20\jre\bin\server\jvm.dll
0x00007ffa9ccd0000 - 0x00007ffa9ccd9000 	C:\WINDOWS\SYSTEM32\WSOCK32.dll
0x00007ffa9ad80000 - 0x00007ffa9ada2000 	C:\WINDOWS\SYSTEM32\WINMM.dll
0x00007ffa9f980000 - 0x00007ffa9f987000 	C:\WINDOWS\system32\PSAPI.DLL
0x00007ffaa0340000 - 0x00007ffaa039a000 	C:\WINDOWS\system32\WS2_32.dll
0x00007ffa9ab90000 - 0x00007ffa9abba000 	C:\WINDOWS\SYSTEM32\WINMMBASE.dll
0x00007ffaa1900000 - 0x00007ffaa1909000 	C:\WINDOWS\system32\NSI.dll
0x00007ffa9f2d0000 - 0x00007ffa9f31f000 	C:\WINDOWS\SYSTEM32\cfgmgr32.dll
0x00007ffa9dd60000 - 0x00007ffa9dd88000 	C:\WINDOWS\SYSTEM32\DEVOBJ.dll
0x00000000714c0000 - 0x00000000714cf000 	C:\Program Files\Java\jdk1.8.0_20\jre\bin\verify.dll
0x0000000071490000 - 0x00000000714b8000 	C:\Program Files\Java\jdk1.8.0_20\jre\bin\java.dll
0x0000000071470000 - 0x0000000071486000 	C:\Program Files\Java\jdk1.8.0_20\jre\bin\zip.dll
0x00007ffa9cce0000 - 0x00007ffa9ccf0000 	C:\Program Files (x86)\JetBrains\IntelliJ IDEA Community Edition 13.1.6\bin\breakgen64.dll
0x0000000071450000 - 0x000000007146a000 	C:\Program Files\Java\jdk1.8.0_20\jre\bin\net.dll
0x00007ffa9e850000 - 0x00007ffa9e8a9000 	C:\WINDOWS\system32\mswsock.dll
0x0000000071290000 - 0x0000000071428000 	C:\Program Files\Java\jdk1.8.0_20\jre\bin\awt.dll
0x00007ffaa0270000 - 0x00007ffaa0331000 	C:\WINDOWS\system32\OLEAUT32.dll
0x00007ffa9d570000 - 0x00007ffa9d591000 	C:\WINDOWS\system32\DWMAPI.DLL
0x00007ffa9dbe0000 - 0x00007ffa9dd09000 	C:\WINDOWS\system32\uxtheme.dll
0x0000000065580000 - 0x0000000065616000 	C:\Users\Henri\AppData\Local\Temp\libgdxHenri\a9c9dcdf\gdx64.dll
0x00007ffa9e8b0000 - 0x00007ffa9e8d0000 	C:\WINDOWS\SYSTEM32\CRYPTSP.dll
0x00007ffa9e390000 - 0x00007ffa9e3c6000 	C:\WINDOWS\system32\rsaenh.dll
0x00007ffa9eb00000 - 0x00007ffa9eb26000 	C:\WINDOWS\SYSTEM32\bcrypt.dll
0x00007ffa9ee40000 - 0x00007ffa9eea3000 	C:\WINDOWS\system32\bcryptprimitives.dll
0x00007ffa9eeb0000 - 0x00007ffa9eebb000 	C:\WINDOWS\SYSTEM32\CRYPTBASE.dll
0x00007ffa9b620000 - 0x00007ffa9b64a000 	C:\WINDOWS\SYSTEM32\IPHLPAPI.DLL
0x00007ffa9b600000 - 0x00007ffa9b60a000 	C:\WINDOWS\SYSTEM32\WINNSI.DLL
0x00007ffa98d20000 - 0x00007ffa98d36000 	C:\WINDOWS\SYSTEM32\dhcpcsvc6.DLL
0x00007ffa98d00000 - 0x00007ffa98d1a000 	C:\WINDOWS\SYSTEM32\dhcpcsvc.DLL
0x0000000071430000 - 0x0000000071441000 	C:\Program Files\Java\jdk1.8.0_20\jre\bin\nio.dll
0x0000000180000000 - 0x0000000180053000 	C:\Users\Henri\AppData\Local\Temp\libgdxHenri\dc0f0009\lwjgl64.dll
0x00007ffa76400000 - 0x00007ffa7652b000 	C:\WINDOWS\SYSTEM32\OPENGL32.dll
0x00007ffa9cab0000 - 0x00007ffa9caba000 	C:\WINDOWS\SYSTEM32\VERSION.dll
0x00007ffa89dc0000 - 0x00007ffa89dee000 	C:\WINDOWS\SYSTEM32\GLU32.dll
0x00007ffa76300000 - 0x00007ffa763f8000 	C:\WINDOWS\SYSTEM32\DDRAW.dll
0x00007ffa8a800000 - 0x00007ffa8a809000 	C:\WINDOWS\SYSTEM32\DCIMAN32.dll
0x000000001a590000 - 0x000000001a5f4000 	C:\Users\Henri\AppData\Local\Temp\libgdxHenri\dc0f0009\OpenAL64.dll
0x00007ffa9ddb0000 - 0x00007ffa9ddbb000 	C:\WINDOWS\SYSTEM32\kernel.appcore.dll
0x00007ffa9fff0000 - 0x00007ffaa00a6000 	C:\WINDOWS\SYSTEM32\clbcatq.dll
0x00007ffa8cfe0000 - 0x00007ffa8d07d000 	C:\WINDOWS\SYSTEM32\dsound.dll
0x00007ffa9e4d0000 - 0x00007ffa9e516000 	C:\WINDOWS\SYSTEM32\POWRPROF.dll
0x00007ffa9cf00000 - 0x00007ffa9cf70000 	C:\WINDOWS\System32\MMDevApi.dll
0x00007ffa92a20000 - 0x00007ffa92a9e000 	C:\WINDOWS\SYSTEM32\AUDIOSES.DLL
0x000000006d3e0000 - 0x000000006f226000 	C:\WINDOWS\SYSTEM32\nvoglv64.DLL
0x00007ffa9f6e0000 - 0x00007ffa9f8ba000 	C:\WINDOWS\system32\SETUPAPI.dll
0x00007ffa9ccb0000 - 0x00007ffa9ccc2000 	C:\WINDOWS\SYSTEM32\WTSAPI32.dll
0x00007ffa9f320000 - 0x00007ffa9f371000 	C:\WINDOWS\system32\WINTRUST.dll
0x00007ffa9f040000 - 0x00007ffa9f21f000 	C:\WINDOWS\system32\CRYPT32.dll
0x00007ffa9f020000 - 0x00007ffa9f031000 	C:\WINDOWS\system32\MSASN1.dll
0x00007ffa9b670000 - 0x00007ffa9b6a2000 	C:\WINDOWS\SYSTEM32\ntmarta.dll
0x00007ffa9e5f0000 - 0x00007ffa9e64a000 	C:\WINDOWS\SYSTEM32\WINSTA.dll
0x00007ffa9adb0000 - 0x00007ffa9ae42000 	C:\WINDOWS\SYSTEM32\mscms.dll
0x00007ffa8cf90000 - 0x00007ffa8cfd1000 	C:\WINDOWS\SYSTEM32\icm32.dll
0x0000000062840000 - 0x0000000062c97000 	C:\Users\Henri\AppData\Local\Temp\libgdxHenri\dce5cab6\gdx-bullet64.dll
0x000000006a740000 - 0x000000006a7ed000 	C:\Users\Henri\AppData\Local\Temp\libgdxHenri\39623fc\gdx-freetype64.dll
0x00007ffa9e650000 - 0x00007ffa9e6f4000 	C:\WINDOWS\SYSTEM32\DNSAPI.dll
0x00000000720e0000 - 0x0000000072106000 	C:\Program Files\Bonjour\mdnsNSP.dll
0x00007ffa930e0000 - 0x00007ffa930ea000 	C:\Windows\System32\rasadhlp.dll
0x00007ffa9b480000 - 0x00007ffa9b4eb000 	C:\WINDOWS\System32\fwpuclnt.dll
0x00000000710f0000 - 0x00000000710fd000 	C:\Program Files\Java\jdk1.8.0_20\jre\bin\management.dll
0x00007ffa92610000 - 0x00007ffa92625000 	C:\WINDOWS\system32\napinsp.dll
0x00007ffa92630000 - 0x00007ffa9264a000 	C:\WINDOWS\system32\pnrpnsp.dll
0x00007ffa9bfc0000 - 0x00007ffa9bfdb000 	C:\WINDOWS\system32\NLAapi.dll
0x00007ffa92650000 - 0x00007ffa9265d000 	C:\WINDOWS\System32\winrnr.dll
0x00007ffa96000000 - 0x00007ffa96189000 	C:\WINDOWS\SYSTEM32\dbghelp.dll

VM Arguments:
jvm_args: -Didea.launcher.port=7539 -Didea.launcher.bin.path=C:\Program Files (x86)\JetBrains\IntelliJ IDEA Community Edition 13.1.6\bin -Dfile.encoding=UTF-8 
java_command: com.intellij.rt.execution.application.AppMain com.henrik.gdxFramework.desktop.DesktopLauncher
java_class_path (initial): C:\Program Files\Java\jdk1.8.0_20\jre\lib\charsets.jar;C:\Program Files\Java\jdk1.8.0_20\jre\lib\deploy.jar;C:\Program Files\Java\jdk1.8.0_20\jre\lib\javaws.jar;C:\Program Files\Java\jdk1.8.0_20\jre\lib\jce.jar;C:\Program Files\Java\jdk1.8.0_20\jre\lib\jfr.jar;C:\Program Files\Java\jdk1.8.0_20\jre\lib\jfxswt.jar;C:\Program Files\Java\jdk1.8.0_20\jre\lib\jsse.jar;C:\Program Files\Java\jdk1.8.0_20\jre\lib\management-agent.jar;C:\Program Files\Java\jdk1.8.0_20\jre\lib\plugin.jar;C:\Program Files\Java\jdk1.8.0_20\jre\lib\resources.jar;C:\Program Files\Java\jdk1.8.0_20\jre\lib\rt.jar;C:\Program Files\Java\jdk1.8.0_20\jre\lib\ext\access-bridge-64.jar;C:\Program Files\Java\jdk1.8.0_20\jre\lib\ext\cldrdata.jar;C:\Program Files\Java\jdk1.8.0_20\jre\lib\ext\dnsns.jar;C:\Program Files\Java\jdk1.8.0_20\jre\lib\ext\jaccess.jar;C:\Program Files\Java\jdk1.8.0_20\jre\lib\ext\jfxrt.jar;C:\Program Files\Java\jdk1.8.0_20\jre\lib\ext\localedata.jar;C:\Program Files\Java\jdk1.8.0_20\jre\lib\ext\nashorn.jar;C:\Program Files\Java\jdk1.8.0_20\jre\lib\ext\sunec.jar;C:\Program Files\Java\jdk1.8.0_20\jre\lib\ext\sunjce_provider.jar;C:\Program Files\Java\jdk1.8.0_20\jre\lib\ext\sunmscapi.jar;C:\Program Files\Java\jdk1.8.0_20\jre\lib\ext\sunpkcs11.jar;C:\Program Files\Java\jdk1.8.0_20\jre\lib\ext\zipfs.jar;C:\Users\Henri\Desktop\LincolnImpGame\Advergame\desktop\build\classes\main;C:\Users\Henri\Desktop\LincolnImpGame\Advergame\core\build\classes\main;C:\Users\Henri\.gradle\caches\modules-2\files-2.1\com.badlogicgames.gdx\gdx\1.6.0\b7ac8e495b4e4828a30fa97654a17bdfb9f93734\gdx-1.6.0.jar;C:\Users\Henri\.gradle\caches\modules-2\files-2.1\com.badlogicgames.gdx\gdx-bullet\1.6.0\1d215769686614f06518658d9f4c7f955ffa109c\gdx-bullet-1.6.0.jar;C:\Users\Henri\.gradle\caches\modules-2\files-2.1\com.badlogicgames.gdx\gdx-freetype\1.6.0\2ea60958fc2ee0c519583fcd1fbda39175665d33\gdx-freetype-1.6.0.jar;C:\Users\Henri\.gradle\caches\modules-2\files-2.1\com.badlogicgames.gdx\gdx-backen
Launcher Type: SUN_STANDARD

Environment Variables:
JAVA_HOME=C:\Program Files\Java\jdk1.8.0_20\
PATH=C:\Program Files (x86)\NVIDIA Corporation\PhysX\Common;C:\ProgramData\Oracle\Java\javapath;C:\WINDOWS\system32;C:\WINDOWS;C:\WINDOWS\System32\Wbem;C:\WINDOWS\System32\WindowsPowerShell\v1.0\;C:\Program Files (x86)\Windows Live\Shared;C:\Program Files (x86)\Windows Kits\8.1\Windows Performance Toolkit\;C:\Program Files\Microsoft SQL Server\110\Tools\Binn\;C:\Program Files (x86)\Microsoft SDKs\TypeScript\1.0\;C:\Program Files\Android SDK\platform-tools;C:\Program Files (x86)\Microsoft Visual Studio 12.0\VC\bin;C:\Program Files (x86)\CMake\bin;C:\Program Files (x86)\Git\bin;C:\Program Files (x86)\Git\cmd;C:\Program Files\Microsoft\Web Platform Installer\;C:\Users\Henri\Desktop\Solarus\solarus;C:\Program Files\Java\jdk1.8.0_20;C:\ProgramData\Oracle\Java\javapath;C:\WINDOWS\system32;C:\WINDOWS;C:\WINDOWS\System32\Wbem;C:\WINDOWS\System32\WindowsPowerShell\v1.0\;C:\Program Files (x86)\Windows Live\Shared;C:\Program Files (x86)\Windows Kits\8.1\Windows Performance Toolkit\;C:\Program Files\Microsoft SQL Server\110\Tools\Binn\;C:\Program Files (x86)\Microsoft SDKs\TypeScript\1.0\;C:\Program Files\Android SDK\platform-tools;C:\Program Files (x86)\Microsoft Visual Studio 12.0\VC\bin;C:\Program Files (x86)\CMake\bin;C:\Program Files (x86)\Git\bin;C:\Program Files (x86)\Git\cmd;C:\Program Files\Microsoft\Web Platform Installer\;C:\ProgramData\Oracle\Java\javapath;C:\WINDOWS\system32;C:\WINDOWS;C:\WINDOWS\System32\Wbem;C:\WINDOWS\System32\WindowsPowerShell\v1.0\;C:\Program Files (x86)\Windows Live\Shared;C:\Program Files (x86)\Windows Kits\8.1\Windows Performance Toolkit\;C:\Program Files\Microsoft SQL Server\110\Tools\Binn\;C:\Program Files (x86)\Microsoft SDKs\TypeScript\1.0\;C:\Program Files\Android SDK\platform-tools;C:\Users\Henri\Desktop\Solarus\solarus;C:\Program Files\Java\jdk1.8.0_20;C:\Users\Henri\AppData\Local\Code\bin
USERNAME=Henri
OS=Windows_NT
PROCESSOR_IDENTIFIER=AMD64 Family 21 Model 2 Stepping 0, AuthenticAMD



---------------  S Y S T E M  ---------------

OS: Windows 8.1 , 64 bit Build 9600 

CPU:total 6 (6 cores per cpu, 1 threads per core) family 21 model 2 stepping 0, cmov, cx8, fxsr, mmx, sse, sse2, sse3, ssse3, sse4.1, sse4.2, popcnt, avx, aes, clmul, mmxext, 3dnowpref, lzcnt, sse4a, tsc, tscinvbit, tscinv, bmi1

Memory: 4k page, physical 8286464k(2886988k free), swap 9597184k(2304452k free)

vm_info: Java HotSpot(TM) 64-Bit Server VM (25.20-b23) for windows-amd64 JRE (1.8.0_20-b26), built on Jul 30 2014 13:51:23 by "java_re" with MS VC++ 10.0 (VS2010)

time: Thu May 21 17:04:41 2015
elapsed time: 79 seconds (0d 0h 1m 19s)

