#
# A fatal error has been detected by the Java Runtime Environment:
#
#  EXCEPTION_ACCESS_VIOLATION (0xc0000005) at pc=0x00000000629d8660, pid=6400, tid=6236
#
# JRE version: Java(TM) SE Runtime Environment (8.0_20-b26) (build 1.8.0_20-b26)
# Java VM: Java HotSpot(TM) 64-Bit Server VM (25.20-b23 mixed mode windows-amd64 compressed oops)
# Problematic frame:
# C  [gdx-bullet64.dll+0x198660]
#
# Failed to write core dump. Minidumps are not enabled by default on client versions of Windows
#
# If you would like to submit a bug report, please visit:
#   http://bugreport.sun.com/bugreport/crash.jsp
# The crash happened outside the Java Virtual Machine in native code.
# See problematic frame for where to report the bug.
#

---------------  T H R E A D  ---------------

Current thread (0x0000000019c31800):  JavaThread "LWJGL Application" [_thread_in_native, id=6236, stack(0x000000001ac50000,0x000000001ad50000)]

siginfo: ExceptionCode=0xc0000005, reading address 0x0000000000000030

Registers:
RAX=0x00000000629d8660, RBX=0x000000001e6b5b98, RCX=0x0000000019c319e8, RDX=0x000000001ad4eaf8
RSP=0x000000001ad4ea68, RBP=0x000000001ad4eae8, RSI=0x0000000000000000, RDI=0x0000000000000001
R8 =0x0000000000000000, R9 =0x000000001ad4eb08, R10=0x0000000002535508, R11=0x00000000716e14f0
R12=0x0000000000000000, R13=0x000000001e6b5b98, R14=0x000000001ad4eb18, R15=0x0000000019c31800
RIP=0x00000000629d8660, EFLAGS=0x0000000000010283

Top of Stack: (sp=0x000000001ad4ea68)
0x000000001ad4ea68:   0000000002535534 0000000000000003
0x000000001ad4ea78:   0000000000000000 000000001ad4ea70
0x000000001ad4ea88:   0000000023e46ac5 000000001ad4ead0
0x000000001ad4ea98:   0000000023e4aa10 0000000000000000
0x000000001ad4eaa8:   000000001ad4eaa8 0000000000000000
0x000000001ad4eab8:   000000001ad4eb18 000000001e6f89c0
0x000000001ad4eac8:   0000000000000000 000000001e6b5b98
0x000000001ad4ead8:   0000000000000000 000000001ad4eb08
0x000000001ad4eae8:   000000001ad4eb60 0000000002527540
0x000000001ad4eaf8:   0000000081b17f40 000000000252f6b7
0x000000001ad4eb08:   0000000081b57500 0000000000000000
0x000000001ad4eb18:   000000001ad4eb70 000000001ad4eb20
0x000000001ad4eb28:   000000001e1697ed 000000001ad4eb80
0x000000001ad4eb38:   0000000023e446a8 0000000000000000
0x000000001ad4eb48:   000000001e169828 000000001ad4eb08
0x000000001ad4eb58:   000000001ad4eb80 000000001ad4ebc8 

Instructions: (pc=0x00000000629d8660)
0x00000000629d8640:   e8 1b aa 10 00 48 8b 4c 24 28 c7 44 24 48 ff ff
0x00000000629d8650:   ff ff e8 19 dd 0c 00 90 0f 1f 84 00 00 00 00 00
0x00000000629d8660:   49 8b 40 30 c3 66 66 2e 0f 1f 84 00 00 00 00 00
0x00000000629d8670:   49 8b 00 4c 89 c1 48 8b 80 88 00 00 00 48 ff e0 


Register to memory mapping:

RAX=0x00000000629d8660 is an unknown value
RBX={method} {0x000000001e6b5ba0} 'btCompoundShape_getChildList' '(JLcom/badlogic/gdx/physics/bullet/collision/btCompoundShape;)J' in 'com/badlogic/gdx/physics/bullet/collision/CollisionJNI'
RCX=0x0000000019c319e8 is an unknown value
RDX=0x000000001ad4eaf8 is pointing into the stack for thread: 0x0000000019c31800
RSP=0x000000001ad4ea68 is pointing into the stack for thread: 0x0000000019c31800
RBP=0x000000001ad4eae8 is pointing into the stack for thread: 0x0000000019c31800
RSI=0x0000000000000000 is an unknown value
RDI=0x0000000000000001 is an unknown value
R8 =0x0000000000000000 is an unknown value
R9 =0x000000001ad4eb08 is pointing into the stack for thread: 0x0000000019c31800
R10=0x0000000002535508 is at code_begin+840 in an Interpreter codelet
method entry point (kind = native)  [0x00000000025351c0, 0x0000000002535b20]  2400 bytes
R11=0x00000000716e14f0 is an unknown value
R12=0x0000000000000000 is an unknown value
R13={method} {0x000000001e6b5ba0} 'btCompoundShape_getChildList' '(JLcom/badlogic/gdx/physics/bullet/collision/btCompoundShape;)J' in 'com/badlogic/gdx/physics/bullet/collision/CollisionJNI'
R14=0x000000001ad4eb18 is pointing into the stack for thread: 0x0000000019c31800
R15=0x0000000019c31800 is a thread


Stack: [0x000000001ac50000,0x000000001ad50000],  sp=0x000000001ad4ea68,  free space=1018k
Native frames: (J=compiled Java code, j=interpreted, Vv=VM code, C=native code)
C  [gdx-bullet64.dll+0x198660]
C  0x0000000002535534

Java frames: (J=compiled Java code, j=interpreted, Vv=VM code)
j  com.badlogic.gdx.physics.bullet.collision.CollisionJNI.btCompoundShape_getChildList(JLcom/badlogic/gdx/physics/bullet/collision/btCompoundShape;)J+0
j  com.badlogic.gdx.physics.bullet.collision.btCompoundShape.getChildList()Lcom/badlogic/gdx/physics/bullet/collision/btCompoundShapeChild;+5
j  com.henrik.gdxFramework.entities.components.PhysicsComponent.dispose()V+11
j  com.henrik.advergame.entities.PhysicalEntity.dispose()V+4
j  com.henrik.advergame.entities.LevelEntity.dispose()V+1
j  com.henrik.advergame.systems.mapentities.Door.dispose()V+1
j  com.henrik.advergame.systems.mapentities.Switch.dispose()V+28
j  com.henrik.advergame.level.Level.dispose()V+88
j  com.henrik.advergame.worlds.GameWorld.dispose()V+11
j  com.henrik.advergame.states.InGame.clear()V+11
j  com.henrik.advergame.states.InGame.dispose()V+5
j  com.henrik.gdxFramework.core.GameStateCollection.dispose()V+24
j  com.henrik.gdxFramework.core.GameBase.dispose()V+4
j  com.henrik.advergame.Game.dispose()V+14
j  com.badlogic.gdx.backends.lwjgl.LwjglApplication.mainLoop()V+822
j  com.badlogic.gdx.backends.lwjgl.LwjglApplication$1.run()V+27
v  ~StubRoutines::call_stub

---------------  P R O C E S S  ---------------

Java Threads: ( => current thread )
  0x00000000194a0800 JavaThread "RMI TCP Connection(2)-192.168.56.1" daemon [_thread_in_native, id=7120, stack(0x0000000025070000,0x0000000025170000)]
  0x00000000194a1000 JavaThread "JMX server connection timeout 22" daemon [_thread_blocked, id=92, stack(0x0000000024f70000,0x0000000025070000)]
  0x000000001a148800 JavaThread "RMI Scheduler(0)" daemon [_thread_blocked, id=1380, stack(0x0000000024e70000,0x0000000024f70000)]
  0x000000001a148000 JavaThread "RMI TCP Connection(1)-192.168.56.1" daemon [_thread_in_native, id=6736, stack(0x0000000024b40000,0x0000000024c40000)]
  0x0000000021a0f800 JavaThread "RMI TCP Accept-0" daemon [_thread_in_native, id=1360, stack(0x0000000024040000,0x0000000024140000)]
  0x0000000021762800 JavaThread "LWJGL Timer" daemon [_thread_blocked, id=5588, stack(0x00000000235f0000,0x00000000236f0000)]
  0x0000000002423800 JavaThread "DestroyJavaVM" [_thread_blocked, id=5988, stack(0x0000000002320000,0x0000000002420000)]
=>0x0000000019c31800 JavaThread "LWJGL Application" [_thread_in_native, id=6236, stack(0x000000001ac50000,0x000000001ad50000)]
  0x0000000019481800 JavaThread "Java2D Disposer" daemon [_thread_blocked, id=7016, stack(0x000000001a160000,0x000000001a260000)]
  0x0000000019380000 JavaThread "Monitor Ctrl-Break" daemon [_thread_in_native, id=6136, stack(0x0000000019720000,0x0000000019820000)]
  0x00000000172cd800 JavaThread "Service Thread" daemon [_thread_blocked, id=4700, stack(0x0000000019520000,0x0000000019620000)]
  0x00000000172b9800 JavaThread "C1 CompilerThread2" daemon [_thread_blocked, id=6112, stack(0x0000000019020000,0x0000000019120000)]
  0x00000000172b8800 JavaThread "C2 CompilerThread1" daemon [_thread_blocked, id=5176, stack(0x0000000018f20000,0x0000000019020000)]
  0x00000000172b6800 JavaThread "C2 CompilerThread0" daemon [_thread_blocked, id=6916, stack(0x0000000018e20000,0x0000000018f20000)]
  0x00000000172b2800 JavaThread "Attach Listener" daemon [_thread_blocked, id=6824, stack(0x0000000018d20000,0x0000000018e20000)]
  0x00000000172b1000 JavaThread "Signal Dispatcher" daemon [_thread_blocked, id=3232, stack(0x0000000018c20000,0x0000000018d20000)]
  0x000000000251a000 JavaThread "Finalizer" daemon [_thread_blocked, id=5592, stack(0x0000000018b20000,0x0000000018c20000)]
  0x0000000002513000 JavaThread "Reference Handler" daemon [_thread_blocked, id=5572, stack(0x0000000018a20000,0x0000000018b20000)]

Other Threads:
  0x0000000017277000 VMThread [stack: 0x0000000018920000,0x0000000018a20000] [id=3044]
  0x000000001918f800 WatcherThread [stack: 0x0000000019620000,0x0000000019720000] [id=5860]

VM state:not at safepoint (normal execution)

VM Mutex/Monitor currently owned by a thread: None

Heap:
 PSYoungGen      total 38400K, used 3377K [0x00000000d5d80000, 0x00000000da400000, 0x0000000100000000)
  eden space 33280K, 10% used [0x00000000d5d80000,0x00000000d60cc758,0x00000000d7e00000)
  from space 5120K, 0% used [0x00000000d7e00000,0x00000000d7e00000,0x00000000d8300000)
  to   space 5120K, 0% used [0x00000000d9f00000,0x00000000d9f00000,0x00000000da400000)
 ParOldGen       total 87552K, used 5865K [0x0000000081800000, 0x0000000086d80000, 0x00000000d5d80000)
  object space 87552K, 6% used [0x0000000081800000,0x0000000081dba620,0x0000000086d80000)
 Metaspace       used 17934K, capacity 18285K, committed 18560K, reserved 1067008K
  class space    used 1798K, capacity 1888K, committed 1920K, reserved 1048576K

Card table byte_map: [0x00000000118e0000,0x0000000011ce0000] byte_map_base: 0x00000000114d4000

Marking Bits: (ParMarkBitMap*) 0x0000000071cab460
 Begin Bits: [0x0000000012590000, 0x0000000014530000)
 End Bits:   [0x0000000014530000, 0x00000000164d0000)

Polling page: 0x00000000009a0000

CodeCache: size=245760Kb used=7841Kb max_used=8154Kb free=237918Kb
 bounds [0x0000000002520000, 0x0000000002d40000, 0x0000000011520000]
 total_blobs=3248 nmethods=2366 adapters=796
 compilation: enabled

Compilation events (10 events):
Event: 24.888 Thread 0x00000000172b9800 2644       1       org.lwjgl.opengl.Display::wasResized (4 bytes)
Event: 24.888 Thread 0x00000000172b9800 nmethod 2644 0x0000000002a3cbd0 code [0x0000000002a3cd20, 0x0000000002a3ce10]
Event: 24.888 Thread 0x00000000172b9800 2645       3       java.util.concurrent.locks.AbstractQueuedSynchronizer::setState (6 bytes)
Event: 24.888 Thread 0x00000000172b9800 nmethod 2645 0x000000000282f310 code [0x000000000282f460, 0x000000000282f5b0]
Event: 24.888 Thread 0x00000000172b9800 2646       3       java.util.concurrent.locks.AbstractQueuedSynchronizer::release (33 bytes)
Event: 24.888 Thread 0x00000000172b9800 nmethod 2646 0x0000000002b18bd0 code [0x0000000002b18d40, 0x0000000002b19058]
Event: 24.889 Thread 0x00000000172b9800 2647       3       com.badlogic.gdx.utils.ObjectMap::getStash (49 bytes)
Event: 24.889 Thread 0x00000000172b9800 nmethod 2647 0x000000000262ae10 code [0x000000000262afa0, 0x000000000262b348]
Event: 24.889 Thread 0x00000000172b9800 2648       3       com.badlogic.gdx.utils.Logger::debug (22 bytes)
Event: 24.890 Thread 0x00000000172b9800 nmethod 2648 0x0000000002ab93d0 code [0x0000000002ab9540, 0x0000000002ab9768]

GC Heap History (8 events):
Event: 0.743 GC heap before
{Heap before GC invocations=1 (full 0):
 PSYoungGen      total 38400K, used 31276K [0x00000000d5d80000, 0x00000000d8800000, 0x0000000100000000)
  eden space 33280K, 93% used [0x00000000d5d80000,0x00000000d7c0b3e8,0x00000000d7e00000)
  from space 5120K, 0% used [0x00000000d8300000,0x00000000d8300000,0x00000000d8800000)
  to   space 5120K, 0% used [0x00000000d7e00000,0x00000000d7e00000,0x00000000d8300000)
 ParOldGen       total 87552K, used 0K [0x0000000081800000, 0x0000000086d80000, 0x00000000d5d80000)
  object space 87552K, 0% used [0x0000000081800000,0x0000000081800000,0x0000000086d80000)
 Metaspace       used 7105K, capacity 7196K, committed 7552K, reserved 1056768K
  class space    used 759K, capacity 790K, committed 896K, reserved 1048576K
Event: 0.752 GC heap after
Heap after GC invocations=1 (full 0):
 PSYoungGen      total 38400K, used 5088K [0x00000000d5d80000, 0x00000000da880000, 0x0000000100000000)
  eden space 33280K, 0% used [0x00000000d5d80000,0x00000000d5d80000,0x00000000d7e00000)
  from space 5120K, 99% used [0x00000000d7e00000,0x00000000d82f8020,0x00000000d8300000)
  to   space 5120K, 0% used [0x00000000da380000,0x00000000da380000,0x00000000da880000)
 ParOldGen       total 87552K, used 8774K [0x0000000081800000, 0x0000000086d80000, 0x00000000d5d80000)
  object space 87552K, 10% used [0x0000000081800000,0x0000000082091a48,0x0000000086d80000)
 Metaspace       used 7105K, capacity 7196K, committed 7552K, reserved 1056768K
  class space    used 759K, capacity 790K, committed 896K, reserved 1048576K
}
Event: 2.717 GC heap before
{Heap before GC invocations=2 (full 0):
 PSYoungGen      total 38400K, used 38368K [0x00000000d5d80000, 0x00000000da880000, 0x0000000100000000)
  eden space 33280K, 100% used [0x00000000d5d80000,0x00000000d7e00000,0x00000000d7e00000)
  from space 5120K, 99% used [0x00000000d7e00000,0x00000000d82f8020,0x00000000d8300000)
  to   space 5120K, 0% used [0x00000000da380000,0x00000000da380000,0x00000000da880000)
 ParOldGen       total 87552K, used 8774K [0x0000000081800000, 0x0000000086d80000, 0x00000000d5d80000)
  object space 87552K, 10% used [0x0000000081800000,0x0000000082091a48,0x0000000086d80000)
 Metaspace       used 11585K, capacity 11685K, committed 12032K, reserved 1060864K
  class space    used 1149K, capacity 1207K, committed 1280K, reserved 1048576K
Event: 2.724 GC heap after
Heap after GC invocations=2 (full 0):
 PSYoungGen      total 38400K, used 5116K [0x00000000d5d80000, 0x00000000da880000, 0x0000000100000000)
  eden space 33280K, 0% used [0x00000000d5d80000,0x00000000d5d80000,0x00000000d7e00000)
  from space 5120K, 99% used [0x00000000da380000,0x00000000da87f130,0x00000000da880000)
  to   space 5120K, 0% used [0x00000000d7e00000,0x00000000d7e00000,0x00000000d8300000)
 ParOldGen       total 87552K, used 10825K [0x0000000081800000, 0x0000000086d80000, 0x00000000d5d80000)
  object space 87552K, 12% used [0x0000000081800000,0x0000000082292558,0x0000000086d80000)
 Metaspace       used 11585K, capacity 11685K, committed 12032K, reserved 1060864K
  class space    used 1149K, capacity 1207K, committed 1280K, reserved 1048576K
}
Event: 13.407 GC heap before
{Heap before GC invocations=3 (full 0):
 PSYoungGen      total 38400K, used 37036K [0x00000000d5d80000, 0x00000000da880000, 0x0000000100000000)
  eden space 33280K, 95% used [0x00000000d5d80000,0x00000000d7cabf00,0x00000000d7e00000)
  from space 5120K, 99% used [0x00000000da380000,0x00000000da87f130,0x00000000da880000)
  to   space 5120K, 0% used [0x00000000d7e00000,0x00000000d7e00000,0x00000000d8300000)
 ParOldGen       total 87552K, used 10825K [0x0000000081800000, 0x0000000086d80000, 0x00000000d5d80000)
  object space 87552K, 12% used [0x0000000081800000,0x0000000082292558,0x0000000086d80000)
 Metaspace       used 17777K, capacity 18093K, committed 18304K, reserved 1064960K
  class space    used 1792K, capacity 1878K, committed 1920K, reserved 1048576K
Event: 13.417 GC heap after
Heap after GC invocations=3 (full 0):
 PSYoungGen      total 38400K, used 5105K [0x00000000d5d80000, 0x00000000da400000, 0x0000000100000000)
  eden space 33280K, 0% used [0x00000000d5d80000,0x00000000d5d80000,0x00000000d7e00000)
  from space 5120K, 99% used [0x00000000d7e00000,0x00000000d82fc7a0,0x00000000d8300000)
  to   space 5120K, 0% used [0x00000000d9f00000,0x00000000d9f00000,0x00000000da400000)
 ParOldGen       total 87552K, used 13688K [0x0000000081800000, 0x0000000086d80000, 0x00000000d5d80000)
  object space 87552K, 15% used [0x0000000081800000,0x000000008255e0b0,0x0000000086d80000)
 Metaspace       used 17777K, capacity 18093K, committed 18304K, reserved 1064960K
  class space    used 1792K, capacity 1878K, committed 1920K, reserved 1048576K
}
Event: 13.417 GC heap before
{Heap before GC invocations=4 (full 1):
 PSYoungGen      total 38400K, used 5105K [0x00000000d5d80000, 0x00000000da400000, 0x0000000100000000)
  eden space 33280K, 0% used [0x00000000d5d80000,0x00000000d5d80000,0x00000000d7e00000)
  from space 5120K, 99% used [0x00000000d7e00000,0x00000000d82fc7a0,0x00000000d8300000)
  to   space 5120K, 0% used [0x00000000d9f00000,0x00000000d9f00000,0x00000000da400000)
 ParOldGen       total 87552K, used 13688K [0x0000000081800000, 0x0000000086d80000, 0x00000000d5d80000)
  object space 87552K, 15% used [0x0000000081800000,0x000000008255e0b0,0x0000000086d80000)
 Metaspace       used 17777K, capacity 18093K, committed 18304K, reserved 1064960K
  class space    used 1792K, capacity 1878K, committed 1920K, reserved 1048576K
Event: 13.450 GC heap after
Heap after GC invocations=4 (full 1):
 PSYoungGen      total 38400K, used 0K [0x00000000d5d80000, 0x00000000da400000, 0x0000000100000000)
  eden space 33280K, 0% used [0x00000000d5d80000,0x00000000d5d80000,0x00000000d7e00000)
  from space 5120K, 0% used [0x00000000d7e00000,0x00000000d7e00000,0x00000000d8300000)
  to   space 5120K, 0% used [0x00000000d9f00000,0x00000000d9f00000,0x00000000da400000)
 ParOldGen       total 87552K, used 5865K [0x0000000081800000, 0x0000000086d80000, 0x00000000d5d80000)
  object space 87552K, 6% used [0x0000000081800000,0x0000000081dba620,0x0000000086d80000)
 Metaspace       used 17775K, capacity 18091K, committed 18304K, reserved 1064960K
  class space    used 1791K, capacity 1877K, committed 1920K, reserved 1048576K
}

Deoptimization events (9 events):
Event: 0.532 Thread 0x0000000002423800 Uncommon trap: reason=unreached action=reinterpret pc=0x00000000026fb630 method=sun.security.provider.DigestBase.engineUpdate(B)V @ 4
Event: 0.545 Thread 0x0000000002423800 Uncommon trap: reason=unreached action=reinterpret pc=0x00000000026fc8b0 method=sun.security.provider.DigestBase.engineUpdate(B)V @ 4
Event: 0.835 Thread 0x0000000002423800 Uncommon trap: reason=unreached action=reinterpret pc=0x000000000275a49c method=java.awt.image.DirectColorModel.getDataElements(ILjava/lang/Object;)Ljava/lang/Object; @ 11
Event: 2.435 Thread 0x0000000019c31800 Uncommon trap: reason=unreached action=reinterpret pc=0x0000000002902f60 method=com.badlogic.gdx.graphics.g2d.freetype.FreeTypeFontGenerator$FreeTypeBitmapFontData.getGlyph(C)Lcom/badlogic/gdx/graphics/g2d/BitmapFont$Glyph; @ 7
Event: 5.827 Thread 0x0000000019c31800 Uncommon trap: reason=unreached action=reinterpret pc=0x0000000002ab96f4 method=java.util.HashMap.getNode(ILjava/lang/Object;)Ljava/util/HashMap$Node; @ 84
Event: 6.041 Thread 0x0000000019c31800 Uncommon trap: reason=array_check action=maybe_recompile pc=0x0000000002b3fdd0 method=com.badlogic.gdx.utils.Array.add(Ljava/lang/Object;)V @ 46
Event: 6.058 Thread 0x0000000019c31800 Uncommon trap: reason=array_check action=maybe_recompile pc=0x0000000002b3fdd0 method=com.badlogic.gdx.utils.Array.add(Ljava/lang/Object;)V @ 46
Event: 6.074 Thread 0x0000000019c31800 Uncommon trap: reason=array_check action=maybe_recompile pc=0x0000000002b3fdd0 method=com.badlogic.gdx.utils.Array.add(Ljava/lang/Object;)V @ 46
Event: 6.092 Thread 0x0000000019c31800 Uncommon trap: reason=array_check action=maybe_recompile pc=0x0000000002b3fdd0 method=com.badlogic.gdx.utils.Array.add(Ljava/lang/Object;)V @ 46

Internal exceptions (10 events):
Event: 8.473 Thread 0x000000001a148000 Exception <a 'java/lang/ClassNotFoundException': javax/management/remote/rmi/RMIConnectionImpl_Skel> (0x00000000d79ff818) thrown at [D:\re\workspace\8-2-build-windows-amd64-cygwin\jdk8u20\1074\hotspot\src\share\vm\classfile\systemDictionary.cpp, line 202]
Event: 8.488 Thread 0x000000001a148000 Exception <a 'java/lang/NoSuchMethodError': <clinit>> (0x00000000d7a9fff8) thrown at [D:\re\workspace\8-2-build-windows-amd64-cygwin\jdk8u20\1074\hotspot\src\share\vm\prims\jni.cpp, line 1603]
Event: 8.488 Thread 0x000000001a148000 Exception <a 'java/lang/NoSuchMethodError': <clinit>> (0x00000000d7aadb80) thrown at [D:\re\workspace\8-2-build-windows-amd64-cygwin\jdk8u20\1074\hotspot\src\share\vm\prims\jni.cpp, line 1603]
Event: 8.489 Thread 0x000000001a148000 Exception <a 'java/lang/NoSuchMethodError': <clinit>> (0x00000000d7aae498) thrown at [D:\re\workspace\8-2-build-windows-amd64-cygwin\jdk8u20\1074\hotspot\src\share\vm\prims\jni.cpp, line 1603]
Event: 8.492 Thread 0x000000001a148000 Exception <a 'java/lang/NoSuchMethodError': <clinit>> (0x00000000d7ac8c58) thrown at [D:\re\workspace\8-2-build-windows-amd64-cygwin\jdk8u20\1074\hotspot\src\share\vm\prims\jni.cpp, line 1603]
Event: 8.492 Thread 0x000000001a148000 Exception <a 'java/lang/NoSuchMethodError': <clinit>> (0x00000000d7ac9800) thrown at [D:\re\workspace\8-2-build-windows-amd64-cygwin\jdk8u20\1074\hotspot\src\share\vm\prims\jni.cpp, line 1603]
Event: 8.492 Thread 0x000000001a148000 Exception <a 'java/lang/NoSuchMethodError': <clinit>> (0x00000000d7aca378) thrown at [D:\re\workspace\8-2-build-windows-amd64-cygwin\jdk8u20\1074\hotspot\src\share\vm\prims\jni.cpp, line 1603]
Event: 9.504 Thread 0x000000001a148000 Exception <a 'java/lang/NoSuchMethodError': <clinit>> (0x00000000d7b17d08) thrown at [D:\re\workspace\8-2-build-windows-amd64-cygwin\jdk8u20\1074\hotspot\src\share\vm\prims\jni.cpp, line 1603]
Event: 9.522 Thread 0x000000001a148000 Exception <a 'java/lang/NoSuchMethodError': <clinit>> (0x00000000d7b2c280) thrown at [D:\re\workspace\8-2-build-windows-amd64-cygwin\jdk8u20\1074\hotspot\src\share\vm\prims\jni.cpp, line 1603]
Event: 24.887 Thread 0x0000000019c31800 Exception <a 'java/security/PrivilegedActionException'> (0x00000000d603be08) thrown at [D:\re\workspace\8-2-build-windows-amd64-cygwin\jdk8u20\1074\hotspot\src\share\vm\prims\jvm.cpp, line 1275]

Events (10 events):
Event: 23.527 Thread 0x00000000172b6800 flushing nmethod 0x0000000002bc0ed0
Event: 23.528 Thread 0x00000000172b6800 flushing nmethod 0x0000000002bd4350
Event: 23.545 Thread 0x00000000172b8800 flushing nmethod 0x0000000002bf8e10
Event: 23.550 Thread 0x00000000172b8800 flushing nmethod 0x0000000002c2d2d0
Event: 24.525 Executing VM operation: ThreadDump
Event: 24.525 Executing VM operation: ThreadDump done
Event: 24.887 loading class com/badlogic/gdx/backends/lwjgl/LwjglApplication$2
Event: 24.887 loading class com/badlogic/gdx/backends/lwjgl/LwjglApplication$2 done
Event: 24.888 Thread 0x0000000019f6d000 Thread exited: 0x0000000019f6d000
Event: 24.890 Thread 0x0000000021930000 Thread exited: 0x0000000021930000


Dynamic libraries:
0x00007ff7e0ac0000 - 0x00007ff7e0af4000 	C:\Program Files\Java\jdk1.8.0_20\bin\java.exe
0x00007ffaa1e20000 - 0x00007ffaa1fcc000 	C:\WINDOWS\SYSTEM32\ntdll.dll
0x00007ffa9fd50000 - 0x00007ffa9fe8e000 	C:\WINDOWS\system32\KERNEL32.DLL
0x00007ffa9f380000 - 0x00007ffa9f495000 	C:\WINDOWS\system32\KERNELBASE.dll
0x00007ffa9db10000 - 0x00007ffa9db9e000 	C:\WINDOWS\system32\apphelp.dll
0x00007ffa87bb0000 - 0x00007ffa87c03000 	C:\WINDOWS\AppPatch\AppPatch64\AcGenral.DLL
0x00007ffaa1d70000 - 0x00007ffaa1e1a000 	C:\WINDOWS\system32\msvcrt.dll
0x00007ffa9ee10000 - 0x00007ffa9ee3e000 	C:\WINDOWS\SYSTEM32\SspiCli.dll
0x00007ffa9f8c0000 - 0x00007ffa9f914000 	C:\WINDOWS\system32\SHLWAPI.dll
0x00007ffaa1b30000 - 0x00007ffaa1ca7000 	C:\WINDOWS\system32\USER32.dll
0x00007ffa9f540000 - 0x00007ffa9f6d4000 	C:\WINDOWS\system32\ole32.dll
0x00007ffaa03e0000 - 0x00007ffaa18f8000 	C:\WINDOWS\system32\SHELL32.dll
0x00007ffa9e4a0000 - 0x00007ffa9e4c1000 	C:\WINDOWS\SYSTEM32\USERENV.dll
0x00007ffaa1cb0000 - 0x00007ffaa1d5a000 	C:\WINDOWS\system32\ADVAPI32.dll
0x00007ffa95b90000 - 0x00007ffa95bae000 	C:\WINDOWS\SYSTEM32\MPR.dll
0x00007ffa9fc00000 - 0x00007ffa9fd41000 	C:\WINDOWS\system32\RPCRT4.dll
0x00007ffa9f920000 - 0x00007ffa9f979000 	C:\WINDOWS\SYSTEM32\sechost.dll
0x00007ffaa1910000 - 0x00007ffaa1b21000 	C:\WINDOWS\SYSTEM32\combase.dll
0x00007ffaa0110000 - 0x00007ffaa0261000 	C:\WINDOWS\system32\GDI32.dll
0x00007ffa9ef70000 - 0x00007ffa9ef85000 	C:\WINDOWS\SYSTEM32\profapi.dll
0x00007ffa9d770000 - 0x00007ffa9d822000 	C:\WINDOWS\SYSTEM32\SHCORE.dll
0x00007ffaa03a0000 - 0x00007ffaa03d6000 	C:\WINDOWS\system32\IMM32.DLL
0x00007ffa9fe90000 - 0x00007ffa9ffe2000 	C:\WINDOWS\system32\MSCTF.dll
0x00007ffa9d2f0000 - 0x00007ffa9d56b000 	C:\WINDOWS\WinSxS\amd64_microsoft.windows.common-controls_6595b64144ccf1df_6.0.9600.17784_none_624760d1ecb7236e\COMCTL32.dll
0x0000000071d30000 - 0x0000000071e02000 	C:\Program Files\Java\jdk1.8.0_20\jre\bin\msvcr100.dll
0x00000000714d0000 - 0x0000000071d28000 	C:\Program Files\Java\jdk1.8.0_20\jre\bin\server\jvm.dll
0x00007ffa9ccd0000 - 0x00007ffa9ccd9000 	C:\WINDOWS\SYSTEM32\WSOCK32.dll
0x00007ffa9ad80000 - 0x00007ffa9ada2000 	C:\WINDOWS\SYSTEM32\WINMM.dll
0x00007ffa9f980000 - 0x00007ffa9f987000 	C:\WINDOWS\system32\PSAPI.DLL
0x00007ffaa0340000 - 0x00007ffaa039a000 	C:\WINDOWS\system32\WS2_32.dll
0x00007ffa9ab90000 - 0x00007ffa9abba000 	C:\WINDOWS\SYSTEM32\WINMMBASE.dll
0x00007ffaa1900000 - 0x00007ffaa1909000 	C:\WINDOWS\system32\NSI.dll
0x00007ffa9f2d0000 - 0x00007ffa9f31f000 	C:\WINDOWS\SYSTEM32\cfgmgr32.dll
0x00007ffa9dd60000 - 0x00007ffa9dd88000 	C:\WINDOWS\SYSTEM32\DEVOBJ.dll
0x00000000714c0000 - 0x00000000714cf000 	C:\Program Files\Java\jdk1.8.0_20\jre\bin\verify.dll
0x0000000071490000 - 0x00000000714b8000 	C:\Program Files\Java\jdk1.8.0_20\jre\bin\java.dll
0x0000000071470000 - 0x0000000071486000 	C:\Program Files\Java\jdk1.8.0_20\jre\bin\zip.dll
0x00007ffa9cce0000 - 0x00007ffa9ccf0000 	C:\Program Files (x86)\JetBrains\IntelliJ IDEA Community Edition 13.1.6\bin\breakgen64.dll
0x0000000071450000 - 0x000000007146a000 	C:\Program Files\Java\jdk1.8.0_20\jre\bin\net.dll
0x00007ffa9e850000 - 0x00007ffa9e8a9000 	C:\WINDOWS\system32\mswsock.dll
0x0000000071290000 - 0x0000000071428000 	C:\Program Files\Java\jdk1.8.0_20\jre\bin\awt.dll
0x00007ffaa0270000 - 0x00007ffaa0331000 	C:\WINDOWS\system32\OLEAUT32.dll
0x00007ffa9d570000 - 0x00007ffa9d591000 	C:\WINDOWS\system32\DWMAPI.DLL
0x00007ffa9dbe0000 - 0x00007ffa9dd09000 	C:\WINDOWS\system32\uxtheme.dll
0x0000000065580000 - 0x0000000065616000 	C:\Users\Henri\AppData\Local\Temp\libgdxHenri\a9c9dcdf\gdx64.dll
0x00007ffa9e8b0000 - 0x00007ffa9e8d0000 	C:\WINDOWS\SYSTEM32\CRYPTSP.dll
0x00007ffa9e390000 - 0x00007ffa9e3c6000 	C:\WINDOWS\system32\rsaenh.dll
0x00007ffa9eb00000 - 0x00007ffa9eb26000 	C:\WINDOWS\SYSTEM32\bcrypt.dll
0x00007ffa9ee40000 - 0x00007ffa9eea3000 	C:\WINDOWS\system32\bcryptprimitives.dll
0x00007ffa9eeb0000 - 0x00007ffa9eebb000 	C:\WINDOWS\SYSTEM32\CRYPTBASE.dll
0x00007ffa9b620000 - 0x00007ffa9b64a000 	C:\WINDOWS\SYSTEM32\IPHLPAPI.DLL
0x00007ffa9b600000 - 0x00007ffa9b60a000 	C:\WINDOWS\SYSTEM32\WINNSI.DLL
0x00007ffa98d20000 - 0x00007ffa98d36000 	C:\WINDOWS\SYSTEM32\dhcpcsvc6.DLL
0x00007ffa98d00000 - 0x00007ffa98d1a000 	C:\WINDOWS\SYSTEM32\dhcpcsvc.DLL
0x0000000071430000 - 0x0000000071441000 	C:\Program Files\Java\jdk1.8.0_20\jre\bin\nio.dll
0x0000000180000000 - 0x0000000180053000 	C:\Users\Henri\AppData\Local\Temp\libgdxHenri\dc0f0009\lwjgl64.dll
0x00007ffa76400000 - 0x00007ffa7652b000 	C:\WINDOWS\SYSTEM32\OPENGL32.dll
0x00007ffa9cab0000 - 0x00007ffa9caba000 	C:\WINDOWS\SYSTEM32\VERSION.dll
0x00007ffa89dc0000 - 0x00007ffa89dee000 	C:\WINDOWS\SYSTEM32\GLU32.dll
0x00007ffa76300000 - 0x00007ffa763f8000 	C:\WINDOWS\SYSTEM32\DDRAW.dll
0x00007ffa8a800000 - 0x00007ffa8a809000 	C:\WINDOWS\SYSTEM32\DCIMAN32.dll
0x000000001a360000 - 0x000000001a3c4000 	C:\Users\Henri\AppData\Local\Temp\libgdxHenri\dc0f0009\OpenAL64.dll
0x00007ffa9ddb0000 - 0x00007ffa9ddbb000 	C:\WINDOWS\SYSTEM32\kernel.appcore.dll
0x00007ffa9fff0000 - 0x00007ffaa00a6000 	C:\WINDOWS\SYSTEM32\clbcatq.dll
0x00007ffa8cfe0000 - 0x00007ffa8d07d000 	C:\WINDOWS\SYSTEM32\dsound.dll
0x00007ffa9e4d0000 - 0x00007ffa9e516000 	C:\WINDOWS\SYSTEM32\POWRPROF.dll
0x00007ffa9cf00000 - 0x00007ffa9cf70000 	C:\WINDOWS\System32\MMDevApi.dll
0x00007ffa92a20000 - 0x00007ffa92a9e000 	C:\WINDOWS\SYSTEM32\AUDIOSES.DLL
0x000000006d3e0000 - 0x000000006f226000 	C:\WINDOWS\SYSTEM32\nvoglv64.DLL
0x00007ffa9f6e0000 - 0x00007ffa9f8ba000 	C:\WINDOWS\system32\SETUPAPI.dll
0x00007ffa9ccb0000 - 0x00007ffa9ccc2000 	C:\WINDOWS\SYSTEM32\WTSAPI32.dll
0x00007ffa9f320000 - 0x00007ffa9f371000 	C:\WINDOWS\system32\WINTRUST.dll
0x00007ffa9f040000 - 0x00007ffa9f21f000 	C:\WINDOWS\system32\CRYPT32.dll
0x00007ffa9f020000 - 0x00007ffa9f031000 	C:\WINDOWS\system32\MSASN1.dll
0x00007ffa9b670000 - 0x00007ffa9b6a2000 	C:\WINDOWS\SYSTEM32\ntmarta.dll
0x00007ffa9e5f0000 - 0x00007ffa9e64a000 	C:\WINDOWS\SYSTEM32\WINSTA.dll
0x00007ffa9adb0000 - 0x00007ffa9ae42000 	C:\WINDOWS\SYSTEM32\mscms.dll
0x00007ffa8cf90000 - 0x00007ffa8cfd1000 	C:\WINDOWS\SYSTEM32\icm32.dll
0x0000000062840000 - 0x0000000062c97000 	C:\Users\Henri\AppData\Local\Temp\libgdxHenri\dce5cab6\gdx-bullet64.dll
0x000000006a740000 - 0x000000006a7ed000 	C:\Users\Henri\AppData\Local\Temp\libgdxHenri\39623fc\gdx-freetype64.dll
0x00007ffa9e650000 - 0x00007ffa9e6f4000 	C:\WINDOWS\SYSTEM32\DNSAPI.dll
0x00000000720e0000 - 0x0000000072106000 	C:\Program Files\Bonjour\mdnsNSP.dll
0x00007ffa930e0000 - 0x00007ffa930ea000 	C:\Windows\System32\rasadhlp.dll
0x00007ffa9b480000 - 0x00007ffa9b4eb000 	C:\WINDOWS\System32\fwpuclnt.dll
0x00000000710f0000 - 0x00000000710fd000 	C:\Program Files\Java\jdk1.8.0_20\jre\bin\management.dll
0x00007ffa92610000 - 0x00007ffa92625000 	C:\WINDOWS\system32\napinsp.dll
0x00007ffa92630000 - 0x00007ffa9264a000 	C:\WINDOWS\system32\pnrpnsp.dll
0x00007ffa9bfc0000 - 0x00007ffa9bfdb000 	C:\WINDOWS\system32\NLAapi.dll
0x00007ffa92650000 - 0x00007ffa9265d000 	C:\WINDOWS\System32\winrnr.dll
0x00007ffa96000000 - 0x00007ffa96189000 	C:\WINDOWS\SYSTEM32\dbghelp.dll

VM Arguments:
jvm_args: -Didea.launcher.port=7535 -Didea.launcher.bin.path=C:\Program Files (x86)\JetBrains\IntelliJ IDEA Community Edition 13.1.6\bin -Dfile.encoding=UTF-8 
java_command: com.intellij.rt.execution.application.AppMain com.henrik.gdxFramework.desktop.DesktopLauncher
java_class_path (initial): C:\Program Files\Java\jdk1.8.0_20\jre\lib\charsets.jar;C:\Program Files\Java\jdk1.8.0_20\jre\lib\deploy.jar;C:\Program Files\Java\jdk1.8.0_20\jre\lib\javaws.jar;C:\Program Files\Java\jdk1.8.0_20\jre\lib\jce.jar;C:\Program Files\Java\jdk1.8.0_20\jre\lib\jfr.jar;C:\Program Files\Java\jdk1.8.0_20\jre\lib\jfxswt.jar;C:\Program Files\Java\jdk1.8.0_20\jre\lib\jsse.jar;C:\Program Files\Java\jdk1.8.0_20\jre\lib\management-agent.jar;C:\Program Files\Java\jdk1.8.0_20\jre\lib\plugin.jar;C:\Program Files\Java\jdk1.8.0_20\jre\lib\resources.jar;C:\Program Files\Java\jdk1.8.0_20\jre\lib\rt.jar;C:\Program Files\Java\jdk1.8.0_20\jre\lib\ext\access-bridge-64.jar;C:\Program Files\Java\jdk1.8.0_20\jre\lib\ext\cldrdata.jar;C:\Program Files\Java\jdk1.8.0_20\jre\lib\ext\dnsns.jar;C:\Program Files\Java\jdk1.8.0_20\jre\lib\ext\jaccess.jar;C:\Program Files\Java\jdk1.8.0_20\jre\lib\ext\jfxrt.jar;C:\Program Files\Java\jdk1.8.0_20\jre\lib\ext\localedata.jar;C:\Program Files\Java\jdk1.8.0_20\jre\lib\ext\nashorn.jar;C:\Program Files\Java\jdk1.8.0_20\jre\lib\ext\sunec.jar;C:\Program Files\Java\jdk1.8.0_20\jre\lib\ext\sunjce_provider.jar;C:\Program Files\Java\jdk1.8.0_20\jre\lib\ext\sunmscapi.jar;C:\Program Files\Java\jdk1.8.0_20\jre\lib\ext\sunpkcs11.jar;C:\Program Files\Java\jdk1.8.0_20\jre\lib\ext\zipfs.jar;C:\Users\Henri\Desktop\LincolnImpGame\Advergame\desktop\build\classes\main;C:\Users\Henri\Desktop\LincolnImpGame\Advergame\core\build\classes\main;C:\Users\Henri\.gradle\caches\modules-2\files-2.1\com.badlogicgames.gdx\gdx\1.6.0\b7ac8e495b4e4828a30fa97654a17bdfb9f93734\gdx-1.6.0.jar;C:\Users\Henri\.gradle\caches\modules-2\files-2.1\com.badlogicgames.gdx\gdx-bullet\1.6.0\1d215769686614f06518658d9f4c7f955ffa109c\gdx-bullet-1.6.0.jar;C:\Users\Henri\.gradle\caches\modules-2\files-2.1\com.badlogicgames.gdx\gdx-freetype\1.6.0\2ea60958fc2ee0c519583fcd1fbda39175665d33\gdx-freetype-1.6.0.jar;C:\Users\Henri\.gradle\caches\modules-2\files-2.1\com.badlogicgames.gdx\gdx-backen
Launcher Type: SUN_STANDARD

Environment Variables:
JAVA_HOME=C:\Program Files\Java\jdk1.8.0_20\
PATH=C:\Program Files (x86)\NVIDIA Corporation\PhysX\Common;C:\ProgramData\Oracle\Java\javapath;C:\WINDOWS\system32;C:\WINDOWS;C:\WINDOWS\System32\Wbem;C:\WINDOWS\System32\WindowsPowerShell\v1.0\;C:\Program Files (x86)\Windows Live\Shared;C:\Program Files (x86)\Windows Kits\8.1\Windows Performance Toolkit\;C:\Program Files\Microsoft SQL Server\110\Tools\Binn\;C:\Program Files (x86)\Microsoft SDKs\TypeScript\1.0\;C:\Program Files\Android SDK\platform-tools;C:\Program Files (x86)\Microsoft Visual Studio 12.0\VC\bin;C:\Program Files (x86)\CMake\bin;C:\Program Files (x86)\Git\bin;C:\Program Files (x86)\Git\cmd;C:\Program Files\Microsoft\Web Platform Installer\;C:\Users\Henri\Desktop\Solarus\solarus;C:\Program Files\Java\jdk1.8.0_20;C:\ProgramData\Oracle\Java\javapath;C:\WINDOWS\system32;C:\WINDOWS;C:\WINDOWS\System32\Wbem;C:\WINDOWS\System32\WindowsPowerShell\v1.0\;C:\Program Files (x86)\Windows Live\Shared;C:\Program Files (x86)\Windows Kits\8.1\Windows Performance Toolkit\;C:\Program Files\Microsoft SQL Server\110\Tools\Binn\;C:\Program Files (x86)\Microsoft SDKs\TypeScript\1.0\;C:\Program Files\Android SDK\platform-tools;C:\Program Files (x86)\Microsoft Visual Studio 12.0\VC\bin;C:\Program Files (x86)\CMake\bin;C:\Program Files (x86)\Git\bin;C:\Program Files (x86)\Git\cmd;C:\Program Files\Microsoft\Web Platform Installer\;C:\ProgramData\Oracle\Java\javapath;C:\WINDOWS\system32;C:\WINDOWS;C:\WINDOWS\System32\Wbem;C:\WINDOWS\System32\WindowsPowerShell\v1.0\;C:\Program Files (x86)\Windows Live\Shared;C:\Program Files (x86)\Windows Kits\8.1\Windows Performance Toolkit\;C:\Program Files\Microsoft SQL Server\110\Tools\Binn\;C:\Program Files (x86)\Microsoft SDKs\TypeScript\1.0\;C:\Program Files\Android SDK\platform-tools;C:\Users\Henri\Desktop\Solarus\solarus;C:\Program Files\Java\jdk1.8.0_20;C:\Users\Henri\AppData\Local\Code\bin
USERNAME=Henri
OS=Windows_NT
PROCESSOR_IDENTIFIER=AMD64 Family 21 Model 2 Stepping 0, AuthenticAMD



---------------  S Y S T E M  ---------------

OS: Windows 8.1 , 64 bit Build 9600 

CPU:total 6 (6 cores per cpu, 1 threads per core) family 21 model 2 stepping 0, cmov, cx8, fxsr, mmx, sse, sse2, sse3, ssse3, sse4.1, sse4.2, popcnt, avx, aes, clmul, mmxext, 3dnowpref, lzcnt, sse4a, tsc, tscinvbit, tscinv, bmi1

Memory: 4k page, physical 8286464k(3094880k free), swap 9597184k(2856256k free)

vm_info: Java HotSpot(TM) 64-Bit Server VM (25.20-b23) for windows-amd64 JRE (1.8.0_20-b26), built on Jul 30 2014 13:51:23 by "java_re" with MS VC++ 10.0 (VS2010)

time: Thu May 21 17:00:48 2015
elapsed time: 25 seconds (0d 0h 0m 25s)

