#
# A fatal error has been detected by the Java Runtime Environment:
#
#  EXCEPTION_ACCESS_VIOLATION (0xc0000005) at pc=0x00000000629d8660, pid=6568, tid=6272
#
# JRE version: Java(TM) SE Runtime Environment (8.0_20-b26) (build 1.8.0_20-b26)
# Java VM: Java HotSpot(TM) 64-Bit Server VM (25.20-b23 mixed mode windows-amd64 compressed oops)
# Problematic frame:
# C  [gdx-bullet64.dll+0x198660]
#
# Failed to write core dump. Minidumps are not enabled by default on client versions of Windows
#
# If you would like to submit a bug report, please visit:
#   http://bugreport.sun.com/bugreport/crash.jsp
# The crash happened outside the Java Virtual Machine in native code.
# See problematic frame for where to report the bug.
#

---------------  T H R E A D  ---------------

Current thread (0x000000001982a800):  JavaThread "LWJGL Application" [_thread_in_native, id=6272, stack(0x000000001a710000,0x000000001a810000)]

siginfo: ExceptionCode=0xc0000005, reading address 0x0000000000000030

Registers:
RAX=0x00000000629d8660, RBX=0x00000000240298c0, RCX=0x000000001982a9e8, RDX=0x000000001a80ec98
RSP=0x000000001a80ec08, RBP=0x000000001a80ec88, RSI=0x0000000000000000, RDI=0x0000000000000001
R8 =0x0000000000000000, R9 =0x000000001a80eca8, R10=0x0000000001ea5508, R11=0x00000000716e14f0
R12=0x0000000000000000, R13=0x00000000240298c0, R14=0x000000001a80ecb8, R15=0x000000001982a800
RIP=0x00000000629d8660, EFLAGS=0x0000000000010283

Top of Stack: (sp=0x000000001a80ec08)
0x000000001a80ec08:   0000000001ea5534 0000000000000003
0x000000001a80ec18:   0000000000000000 000000001a80ec10
0x000000001a80ec28:   00000000240acc0d 000000001a80ec70
0x000000001a80ec38:   00000000240b0b80 0000000000000000
0x000000001a80ec48:   000000001a80ec48 0000000000000000
0x000000001a80ec58:   000000001a80ecb8 000000001dfbe570
0x000000001a80ec68:   0000000000000000 00000000240298c0
0x000000001a80ec78:   0000000000000000 000000001a80eca8
0x000000001a80ec88:   000000001a80ed00 0000000001e97540
0x000000001a80ec98:   0000000081bd04c0 0000000001e9f6b7
0x000000001a80eca8:   0000000081c11090 0000000000000000
0x000000001a80ecb8:   000000001a80ed10 000000001a80ecc0
0x000000001a80ecc8:   000000001db397ed 000000001a80ed20
0x000000001a80ecd8:   00000000240aa7f0 0000000000000000
0x000000001a80ece8:   000000001db39828 000000001a80eca8
0x000000001a80ecf8:   000000001a80ed20 000000001a80ed68 

Instructions: (pc=0x00000000629d8660)
0x00000000629d8640:   e8 1b aa 10 00 48 8b 4c 24 28 c7 44 24 48 ff ff
0x00000000629d8650:   ff ff e8 19 dd 0c 00 90 0f 1f 84 00 00 00 00 00
0x00000000629d8660:   49 8b 40 30 c3 66 66 2e 0f 1f 84 00 00 00 00 00
0x00000000629d8670:   49 8b 00 4c 89 c1 48 8b 80 88 00 00 00 48 ff e0 


Register to memory mapping:

RAX=0x00000000629d8660 is an unknown value
RBX={method} {0x00000000240298c8} 'btCompoundShape_getChildList' '(JLcom/badlogic/gdx/physics/bullet/collision/btCompoundShape;)J' in 'com/badlogic/gdx/physics/bullet/collision/CollisionJNI'
RCX=0x000000001982a9e8 is an unknown value
RDX=0x000000001a80ec98 is pointing into the stack for thread: 0x000000001982a800
RSP=0x000000001a80ec08 is pointing into the stack for thread: 0x000000001982a800
RBP=0x000000001a80ec88 is pointing into the stack for thread: 0x000000001982a800
RSI=0x0000000000000000 is an unknown value
RDI=0x0000000000000001 is an unknown value
R8 =0x0000000000000000 is an unknown value
R9 =0x000000001a80eca8 is pointing into the stack for thread: 0x000000001982a800
R10=0x0000000001ea5508 is at code_begin+840 in an Interpreter codelet
method entry point (kind = native)  [0x0000000001ea51c0, 0x0000000001ea5b20]  2400 bytes
R11=0x00000000716e14f0 is an unknown value
R12=0x0000000000000000 is an unknown value
R13={method} {0x00000000240298c8} 'btCompoundShape_getChildList' '(JLcom/badlogic/gdx/physics/bullet/collision/btCompoundShape;)J' in 'com/badlogic/gdx/physics/bullet/collision/CollisionJNI'
R14=0x000000001a80ecb8 is pointing into the stack for thread: 0x000000001982a800
R15=0x000000001982a800 is a thread


Stack: [0x000000001a710000,0x000000001a810000],  sp=0x000000001a80ec08,  free space=1019k
Native frames: (J=compiled Java code, j=interpreted, Vv=VM code, C=native code)
C  [gdx-bullet64.dll+0x198660]
C  0x0000000001ea5534

Java frames: (J=compiled Java code, j=interpreted, Vv=VM code)
j  com.badlogic.gdx.physics.bullet.collision.CollisionJNI.btCompoundShape_getChildList(JLcom/badlogic/gdx/physics/bullet/collision/btCompoundShape;)J+0
j  com.badlogic.gdx.physics.bullet.collision.btCompoundShape.getChildList()Lcom/badlogic/gdx/physics/bullet/collision/btCompoundShapeChild;+5
j  com.henrik.gdxFramework.entities.components.PhysicsComponent.dispose()V+11
j  com.henrik.advergame.entities.PhysicalEntity.dispose()V+4
j  com.henrik.advergame.entities.LevelEntity.dispose()V+1
j  com.henrik.advergame.systems.mapentities.Door.dispose()V+1
j  com.henrik.advergame.systems.mapentities.Switch.dispose()V+28
j  com.henrik.advergame.level.Level.dispose()V+88
j  com.henrik.advergame.worlds.GameWorld.dispose()V+11
j  com.henrik.advergame.states.InGame.clear()V+11
j  com.henrik.advergame.states.InGame.dispose()V+5
j  com.henrik.gdxFramework.core.GameStateCollection.dispose()V+24
j  com.henrik.gdxFramework.core.GameBase.dispose()V+4
j  com.henrik.advergame.Game.dispose()V+14
j  com.badlogic.gdx.backends.lwjgl.LwjglApplication.mainLoop()V+822
j  com.badlogic.gdx.backends.lwjgl.LwjglApplication$1.run()V+27
v  ~StubRoutines::call_stub

---------------  P R O C E S S  ---------------

Java Threads: ( => current thread )
  0x00000000195ae000 JavaThread "RMI TCP Connection(2)-192.168.56.1" daemon [_thread_in_native, id=4384, stack(0x0000000023be0000,0x0000000023ce0000)]
  0x0000000021add800 JavaThread "JMX server connection timeout 21" daemon [_thread_blocked, id=2084, stack(0x000000001ed20000,0x000000001ee20000)]
  0x0000000019938000 JavaThread "RMI Scheduler(0)" daemon [_thread_blocked, id=1524, stack(0x000000001ec20000,0x000000001ed20000)]
  0x0000000021adc800 JavaThread "RMI TCP Connection(idle)" daemon [_thread_blocked, id=6868, stack(0x000000001eb20000,0x000000001ec20000)]
  0x0000000019ac5800 JavaThread "RMI TCP Accept-0" daemon [_thread_in_native, id=5436, stack(0x000000001ea20000,0x000000001eb20000)]
  0x0000000019a9e800 JavaThread "LWJGL Timer" daemon [_thread_blocked, id=6932, stack(0x0000000022fe0000,0x00000000230e0000)]
  0x0000000001d93800 JavaThread "DestroyJavaVM" [_thread_blocked, id=2272, stack(0x0000000001c80000,0x0000000001d80000)]
=>0x000000001982a800 JavaThread "LWJGL Application" [_thread_in_native, id=6272, stack(0x000000001a710000,0x000000001a810000)]
  0x0000000018e92800 JavaThread "Java2D Disposer" daemon [_thread_blocked, id=6600, stack(0x0000000019bc0000,0x0000000019cc0000)]
  0x0000000018d48800 JavaThread "Monitor Ctrl-Break" daemon [_thread_in_native, id=4268, stack(0x00000000190f0000,0x00000000191f0000)]
  0x0000000018b27000 JavaThread "Service Thread" daemon [_thread_blocked, id=1404, stack(0x0000000018ed0000,0x0000000018fd0000)]
  0x0000000016c2a800 JavaThread "C1 CompilerThread2" daemon [_thread_blocked, id=6832, stack(0x00000000189d0000,0x0000000018ad0000)]
  0x0000000016c29800 JavaThread "C2 CompilerThread1" daemon [_thread_blocked, id=4696, stack(0x00000000188d0000,0x00000000189d0000)]
  0x0000000016c27800 JavaThread "C2 CompilerThread0" daemon [_thread_blocked, id=4000, stack(0x00000000187d0000,0x00000000188d0000)]
  0x0000000016c24000 JavaThread "Attach Listener" daemon [_thread_blocked, id=2192, stack(0x00000000186d0000,0x00000000187d0000)]
  0x0000000016c23000 JavaThread "Signal Dispatcher" daemon [_thread_blocked, id=2844, stack(0x00000000185d0000,0x00000000186d0000)]
  0x0000000001e8a800 JavaThread "Finalizer" daemon [_thread_blocked, id=1372, stack(0x00000000184d0000,0x00000000185d0000)]
  0x0000000001e84000 JavaThread "Reference Handler" daemon [_thread_blocked, id=5832, stack(0x00000000183d0000,0x00000000184d0000)]

Other Threads:
  0x0000000016be6800 VMThread [stack: 0x00000000182d0000,0x00000000183d0000] [id=7116]
  0x0000000018b41800 WatcherThread [stack: 0x0000000018fd0000,0x00000000190d0000] [id=1116]

VM state:not at safepoint (normal execution)

VM Mutex/Monitor currently owned by a thread: None

Heap:
 PSYoungGen      total 71680K, used 14083K [0x00000000d5d80000, 0x00000000da880000, 0x0000000100000000)
  eden space 66560K, 21% used [0x00000000d5d80000,0x00000000d6b40f40,0x00000000d9e80000)
  from space 5120K, 0% used [0x00000000da380000,0x00000000da380000,0x00000000da880000)
  to   space 5120K, 0% used [0x00000000d9e80000,0x00000000d9e80000,0x00000000da380000)
 ParOldGen       total 87552K, used 5599K [0x0000000081800000, 0x0000000086d80000, 0x00000000d5d80000)
  object space 87552K, 6% used [0x0000000081800000,0x0000000081d77e38,0x0000000086d80000)
 Metaspace       used 18131K, capacity 18477K, committed 18560K, reserved 1067008K
  class space    used 1801K, capacity 1888K, committed 1920K, reserved 1048576K

Card table byte_map: [0x0000000011250000,0x0000000011650000] byte_map_base: 0x0000000010e44000

Marking Bits: (ParMarkBitMap*) 0x0000000071cab460
 Begin Bits: [0x0000000011f00000, 0x0000000013ea0000)
 End Bits:   [0x0000000013ea0000, 0x0000000015e40000)

Polling page: 0x00000000004c0000

CodeCache: size=245760Kb used=8906Kb max_used=9022Kb free=236853Kb
 bounds [0x0000000001e90000, 0x0000000002780000, 0x0000000010e90000]
 total_blobs=3482 nmethods=2600 adapters=796
 compilation: enabled

Compilation events (10 events):
Event: 86.361 Thread 0x0000000016c2a800 2979       3       java.util.concurrent.locks.AbstractQueuedSynchronizer::setState (6 bytes)
Event: 86.361 Thread 0x0000000016c2a800 nmethod 2979 0x00000000022df250 code [0x00000000022df3a0, 0x00000000022df4f0]
Event: 86.361 Thread 0x0000000016c2a800 2980       3       java.util.concurrent.locks.AbstractQueuedSynchronizer::release (33 bytes)
Event: 86.361 Thread 0x0000000016c2a800 nmethod 2980 0x00000000020653d0 code [0x0000000002065540, 0x0000000002065858]
Event: 86.362 Thread 0x0000000016c2a800 2981       3       com.badlogic.gdx.utils.ObjectMap::getStash (49 bytes)
Event: 86.362 Thread 0x0000000016c2a800 nmethod 2981 0x0000000002094ed0 code [0x0000000002095060, 0x0000000002095408]
Event: 86.362 Thread 0x0000000016c2a800 2982       3       org.lwjgl.opengl.APIUtil::getBufferInt (8 bytes)
Event: 86.363 Thread 0x0000000016c2a800 nmethod 2982 0x00000000021ba350 code [0x00000000021ba4a0, 0x00000000021ba5f0]
Event: 86.363 Thread 0x0000000016c2a800 2983       3       com.badlogic.gdx.utils.Logger::debug (22 bytes)
Event: 86.363 Thread 0x0000000016c2a800 nmethod 2983 0x00000000025a87d0 code [0x00000000025a8940, 0x00000000025a8b68]

GC Heap History (10 events):
Event: 2.593 GC heap before
{Heap before GC invocations=2 (full 0):
 PSYoungGen      total 38400K, used 38368K [0x00000000d5d80000, 0x00000000da880000, 0x0000000100000000)
  eden space 33280K, 100% used [0x00000000d5d80000,0x00000000d7e00000,0x00000000d7e00000)
  from space 5120K, 99% used [0x00000000d7e00000,0x00000000d82f8040,0x00000000d8300000)
  to   space 5120K, 0% used [0x00000000da380000,0x00000000da380000,0x00000000da880000)
 ParOldGen       total 87552K, used 6654K [0x0000000081800000, 0x0000000086d80000, 0x00000000d5d80000)
  object space 87552K, 7% used [0x0000000081800000,0x0000000081e7fa38,0x0000000086d80000)
 Metaspace       used 11595K, capacity 11749K, committed 12032K, reserved 1060864K
  class space    used 1151K, capacity 1207K, committed 1280K, reserved 1048576K
Event: 2.612 GC heap after
Heap after GC invocations=2 (full 0):
 PSYoungGen      total 71680K, used 5119K [0x00000000d5d80000, 0x00000000da880000, 0x0000000100000000)
  eden space 66560K, 0% used [0x00000000d5d80000,0x00000000d5d80000,0x00000000d9e80000)
  from space 5120K, 99% used [0x00000000da380000,0x00000000da87fff0,0x00000000da880000)
  to   space 5120K, 0% used [0x00000000d9e80000,0x00000000d9e80000,0x00000000da380000)
 ParOldGen       total 87552K, used 6758K [0x0000000081800000, 0x0000000086d80000, 0x00000000d5d80000)
  object space 87552K, 7% used [0x0000000081800000,0x0000000081e99a38,0x0000000086d80000)
 Metaspace       used 11595K, capacity 11749K, committed 12032K, reserved 1060864K
  class space    used 1151K, capacity 1207K, committed 1280K, reserved 1048576K
}
Event: 9.038 GC heap before
{Heap before GC invocations=3 (full 0):
 PSYoungGen      total 71680K, used 24903K [0x00000000d5d80000, 0x00000000da880000, 0x0000000100000000)
  eden space 66560K, 29% used [0x00000000d5d80000,0x00000000d70d1d78,0x00000000d9e80000)
  from space 5120K, 99% used [0x00000000da380000,0x00000000da87fff0,0x00000000da880000)
  to   space 5120K, 0% used [0x00000000d9e80000,0x00000000d9e80000,0x00000000da380000)
 ParOldGen       total 87552K, used 6758K [0x0000000081800000, 0x0000000086d80000, 0x00000000d5d80000)
  object space 87552K, 7% used [0x0000000081800000,0x0000000081e99a38,0x0000000086d80000)
 Metaspace       used 15385K, capacity 15713K, committed 15872K, reserved 1062912K
  class space    used 1611K, capacity 1684K, committed 1792K, reserved 1048576K
Event: 9.045 GC heap after
Heap after GC invocations=3 (full 0):
 PSYoungGen      total 71680K, used 4312K [0x00000000d5d80000, 0x00000000da880000, 0x0000000100000000)
  eden space 66560K, 0% used [0x00000000d5d80000,0x00000000d5d80000,0x00000000d9e80000)
  from space 5120K, 84% used [0x00000000d9e80000,0x00000000da2b6260,0x00000000da380000)
  to   space 5120K, 0% used [0x00000000da380000,0x00000000da380000,0x00000000da880000)
 ParOldGen       total 87552K, used 6774K [0x0000000081800000, 0x0000000086d80000, 0x00000000d5d80000)
  object space 87552K, 7% used [0x0000000081800000,0x0000000081e9da38,0x0000000086d80000)
 Metaspace       used 15385K, capacity 15713K, committed 15872K, reserved 1062912K
  class space    used 1611K, capacity 1684K, committed 1792K, reserved 1048576K
}
Event: 9.045 GC heap before
{Heap before GC invocations=4 (full 1):
 PSYoungGen      total 71680K, used 4312K [0x00000000d5d80000, 0x00000000da880000, 0x0000000100000000)
  eden space 66560K, 0% used [0x00000000d5d80000,0x00000000d5d80000,0x00000000d9e80000)
  from space 5120K, 84% used [0x00000000d9e80000,0x00000000da2b6260,0x00000000da380000)
  to   space 5120K, 0% used [0x00000000da380000,0x00000000da380000,0x00000000da880000)
 ParOldGen       total 87552K, used 6774K [0x0000000081800000, 0x0000000086d80000, 0x00000000d5d80000)
  object space 87552K, 7% used [0x0000000081800000,0x0000000081e9da38,0x0000000086d80000)
 Metaspace       used 15385K, capacity 15713K, committed 15872K, reserved 1062912K
  class space    used 1611K, capacity 1684K, committed 1792K, reserved 1048576K
Event: 9.073 GC heap after
Heap after GC invocations=4 (full 1):
 PSYoungGen      total 71680K, used 0K [0x00000000d5d80000, 0x00000000da880000, 0x0000000100000000)
  eden space 66560K, 0% used [0x00000000d5d80000,0x00000000d5d80000,0x00000000d9e80000)
  from space 5120K, 0% used [0x00000000d9e80000,0x00000000d9e80000,0x00000000da380000)
  to   space 5120K, 0% used [0x00000000da380000,0x00000000da380000,0x00000000da880000)
 ParOldGen       total 87552K, used 4222K [0x0000000081800000, 0x0000000086d80000, 0x00000000d5d80000)
  object space 87552K, 4% used [0x0000000081800000,0x0000000081c1f8a0,0x0000000086d80000)
 Metaspace       used 15384K, capacity 15711K, committed 15872K, reserved 1062912K
  class space    used 1610K, capacity 1683K, committed 1792K, reserved 1048576K
}
Event: 19.920 GC heap before
{Heap before GC invocations=5 (full 1):
 PSYoungGen      total 71680K, used 16187K [0x00000000d5d80000, 0x00000000da880000, 0x0000000100000000)
  eden space 66560K, 24% used [0x00000000d5d80000,0x00000000d6d4ee90,0x00000000d9e80000)
  from space 5120K, 0% used [0x00000000d9e80000,0x00000000d9e80000,0x00000000da380000)
  to   space 5120K, 0% used [0x00000000da380000,0x00000000da380000,0x00000000da880000)
 ParOldGen       total 87552K, used 4222K [0x0000000081800000, 0x0000000086d80000, 0x00000000d5d80000)
  object space 87552K, 4% used [0x0000000081800000,0x0000000081c1f8a0,0x0000000086d80000)
 Metaspace       used 17849K, capacity 18191K, committed 18304K, reserved 1064960K
  class space    used 1797K, capacity 1883K, committed 1920K, reserved 1048576K
Event: 19.922 GC heap after
Heap after GC invocations=5 (full 1):
 PSYoungGen      total 71680K, used 1880K [0x00000000d5d80000, 0x00000000da880000, 0x0000000100000000)
  eden space 66560K, 0% used [0x00000000d5d80000,0x00000000d5d80000,0x00000000d9e80000)
  from space 5120K, 36% used [0x00000000da380000,0x00000000da556158,0x00000000da880000)
  to   space 5120K, 0% used [0x00000000d9e80000,0x00000000d9e80000,0x00000000da380000)
 ParOldGen       total 87552K, used 4230K [0x0000000081800000, 0x0000000086d80000, 0x00000000d5d80000)
  object space 87552K, 4% used [0x0000000081800000,0x0000000081c218a0,0x0000000086d80000)
 Metaspace       used 17849K, capacity 18191K, committed 18304K, reserved 1064960K
  class space    used 1797K, capacity 1883K, committed 1920K, reserved 1048576K
}
Event: 19.922 GC heap before
{Heap before GC invocations=6 (full 2):
 PSYoungGen      total 71680K, used 1880K [0x00000000d5d80000, 0x00000000da880000, 0x0000000100000000)
  eden space 66560K, 0% used [0x00000000d5d80000,0x00000000d5d80000,0x00000000d9e80000)
  from space 5120K, 36% used [0x00000000da380000,0x00000000da556158,0x00000000da880000)
  to   space 5120K, 0% used [0x00000000d9e80000,0x00000000d9e80000,0x00000000da380000)
 ParOldGen       total 87552K, used 4230K [0x0000000081800000, 0x0000000086d80000, 0x00000000d5d80000)
  object space 87552K, 4% used [0x0000000081800000,0x0000000081c218a0,0x0000000086d80000)
 Metaspace       used 17849K, capacity 18191K, committed 18304K, reserved 1064960K
  class space    used 1797K, capacity 1883K, committed 1920K, reserved 1048576K
Event: 19.977 GC heap after
Heap after GC invocations=6 (full 2):
 PSYoungGen      total 71680K, used 0K [0x00000000d5d80000, 0x00000000da880000, 0x0000000100000000)
  eden space 66560K, 0% used [0x00000000d5d80000,0x00000000d5d80000,0x00000000d9e80000)
  from space 5120K, 0% used [0x00000000da380000,0x00000000da380000,0x00000000da880000)
  to   space 5120K, 0% used [0x00000000d9e80000,0x00000000d9e80000,0x00000000da380000)
 ParOldGen       total 87552K, used 5599K [0x0000000081800000, 0x0000000086d80000, 0x00000000d5d80000)
  object space 87552K, 6% used [0x0000000081800000,0x0000000081d77e38,0x0000000086d80000)
 Metaspace       used 17849K, capacity 18191K, committed 18304K, reserved 1064960K
  class space    used 1797K, capacity 1883K, committed 1920K, reserved 1048576K
}

Deoptimization events (10 events):
Event: 13.266 Thread 0x000000001982a800 Uncommon trap: reason=class_check action=maybe_recompile pc=0x0000000002530b40 method=com.badlogic.gdx.graphics.GLTexture.bind()V @ 11
Event: 13.269 Thread 0x000000001982a800 Uncommon trap: reason=class_check action=maybe_recompile pc=0x0000000002530b40 method=com.badlogic.gdx.graphics.GLTexture.bind()V @ 11
Event: 13.270 Thread 0x000000001982a800 Uncommon trap: reason=class_check action=maybe_recompile pc=0x0000000002530b40 method=com.badlogic.gdx.graphics.GLTexture.bind()V @ 11
Event: 13.415 Thread 0x000000001982a800 Uncommon trap: reason=unreached action=reinterpret pc=0x00000000024485b4 method=java.util.HashMap.getNode(ILjava/lang/Object;)Ljava/util/HashMap$Node; @ 84
Event: 13.415 Thread 0x000000001982a800 Uncommon trap: reason=unreached action=reinterpret pc=0x00000000024a4fd8 method=java.util.HashMap.getNode(ILjava/lang/Object;)Ljava/util/HashMap$Node; @ 84
Event: 13.457 Thread 0x000000001982a800 Uncommon trap: reason=null_check action=make_not_entrant pc=0x00000000024287fc method=com.badlogic.gdx.utils.ObjectIntMap.get(Ljava/lang/Object;I)I @ 21
Event: 13.578 Thread 0x000000001982a800 Uncommon trap: reason=array_check action=maybe_recompile pc=0x00000000021efbd0 method=com.badlogic.gdx.utils.Array.add(Ljava/lang/Object;)V @ 46
Event: 13.597 Thread 0x000000001982a800 Uncommon trap: reason=array_check action=maybe_recompile pc=0x00000000021efbd0 method=com.badlogic.gdx.utils.Array.add(Ljava/lang/Object;)V @ 46
Event: 13.613 Thread 0x000000001982a800 Uncommon trap: reason=array_check action=maybe_recompile pc=0x00000000021efbd0 method=com.badlogic.gdx.utils.Array.add(Ljava/lang/Object;)V @ 46
Event: 13.629 Thread 0x000000001982a800 Uncommon trap: reason=array_check action=maybe_recompile pc=0x00000000021efbd0 method=com.badlogic.gdx.utils.Array.add(Ljava/lang/Object;)V @ 46

Internal exceptions (10 events):
Event: 13.454 Thread 0x000000001982a800 Exception <a 'java/security/PrivilegedActionException'> (0x00000000d6b858f0) thrown at [D:\re\workspace\8-2-build-windows-amd64-cygwin\jdk8u20\1074\hotspot\src\share\vm\prims\jvm.cpp, line 1275]
Event: 13.455 Thread 0x000000001982a800 Exception <a 'java/security/PrivilegedActionException'> (0x00000000d6b8c1e8) thrown at [D:\re\workspace\8-2-build-windows-amd64-cygwin\jdk8u20\1074\hotspot\src\share\vm\prims\jvm.cpp, line 1275]
Event: 13.455 Thread 0x000000001982a800 Exception <a 'java/security/PrivilegedActionException'> (0x00000000d6b928b0) thrown at [D:\re\workspace\8-2-build-windows-amd64-cygwin\jdk8u20\1074\hotspot\src\share\vm\prims\jvm.cpp, line 1275]
Event: 13.456 Thread 0x000000001982a800 Exception <a 'java/security/PrivilegedActionException'> (0x00000000d6b991a8) thrown at [D:\re\workspace\8-2-build-windows-amd64-cygwin\jdk8u20\1074\hotspot\src\share\vm\prims\jvm.cpp, line 1275]
Event: 13.456 Thread 0x000000001982a800 Exception <a 'java/security/PrivilegedActionException'> (0x00000000d6b9f870) thrown at [D:\re\workspace\8-2-build-windows-amd64-cygwin\jdk8u20\1074\hotspot\src\share\vm\prims\jvm.cpp, line 1275]
Event: 13.457 Thread 0x000000001982a800 Implicit null exception at 0x00000000024283ec to 0x00000000024287e9
Event: 13.458 Thread 0x000000001982a800 Exception <a 'java/security/PrivilegedActionException'> (0x00000000d6ba79c8) thrown at [D:\re\workspace\8-2-build-windows-amd64-cygwin\jdk8u20\1074\hotspot\src\share\vm\prims\jvm.cpp, line 1275]
Event: 13.460 Thread 0x000000001982a800 Exception <a 'java/security/PrivilegedActionException'> (0x00000000d6bb61c0) thrown at [D:\re\workspace\8-2-build-windows-amd64-cygwin\jdk8u20\1074\hotspot\src\share\vm\prims\jvm.cpp, line 1275]
Event: 13.463 Thread 0x000000001982a800 Exception <a 'java/security/PrivilegedActionException'> (0x00000000d6bbc3f8) thrown at [D:\re\workspace\8-2-build-windows-amd64-cygwin\jdk8u20\1074\hotspot\src\share\vm\prims\jvm.cpp, line 1275]
Event: 86.359 Thread 0x000000001982a800 Exception <a 'java/security/PrivilegedActionException'> (0x00000000d6973f50) thrown at [D:\re\workspace\8-2-build-windows-amd64-cygwin\jdk8u20\1074\hotspot\src\share\vm\prims\jvm.cpp, line 1275]

Events (10 events):
Event: 84.658 Thread 0x0000000016c27800 flushing nmethod 0x00000000025b4590
Event: 84.658 Thread 0x0000000016c27800 flushing nmethod 0x00000000025b4a90
Event: 84.658 Thread 0x0000000016c27800 flushing nmethod 0x00000000025b4f90
Event: 84.658 Thread 0x0000000016c27800 flushing nmethod 0x00000000025b8450
Event: 86.359 loading class com/badlogic/gdx/backends/lwjgl/LwjglApplication$2
Event: 86.359 loading class com/badlogic/gdx/backends/lwjgl/LwjglApplication$2 done
Event: 86.361 Thread 0x0000000019a9f000 Thread exited: 0x0000000019a9f000
Event: 86.362 Executing VM operation: RevokeBias
Event: 86.363 Executing VM operation: RevokeBias done
Event: 86.363 Thread 0x00000000195ad000 Thread exited: 0x00000000195ad000


Dynamic libraries:
0x00007ff7e0ac0000 - 0x00007ff7e0af4000 	C:\Program Files\Java\jdk1.8.0_20\bin\java.exe
0x00007ffaa1e20000 - 0x00007ffaa1fcc000 	C:\WINDOWS\SYSTEM32\ntdll.dll
0x00007ffa9fd50000 - 0x00007ffa9fe8e000 	C:\WINDOWS\system32\KERNEL32.DLL
0x00007ffa9f380000 - 0x00007ffa9f495000 	C:\WINDOWS\system32\KERNELBASE.dll
0x00007ffa9db10000 - 0x00007ffa9db9e000 	C:\WINDOWS\system32\apphelp.dll
0x00007ffa87bb0000 - 0x00007ffa87c03000 	C:\WINDOWS\AppPatch\AppPatch64\AcGenral.DLL
0x00007ffaa1d70000 - 0x00007ffaa1e1a000 	C:\WINDOWS\system32\msvcrt.dll
0x00007ffa9ee10000 - 0x00007ffa9ee3e000 	C:\WINDOWS\SYSTEM32\SspiCli.dll
0x00007ffa9f8c0000 - 0x00007ffa9f914000 	C:\WINDOWS\system32\SHLWAPI.dll
0x00007ffaa1b30000 - 0x00007ffaa1ca7000 	C:\WINDOWS\system32\USER32.dll
0x00007ffa9f540000 - 0x00007ffa9f6d4000 	C:\WINDOWS\system32\ole32.dll
0x00007ffaa03e0000 - 0x00007ffaa18f8000 	C:\WINDOWS\system32\SHELL32.dll
0x00007ffa9e4a0000 - 0x00007ffa9e4c1000 	C:\WINDOWS\SYSTEM32\USERENV.dll
0x00007ffaa1cb0000 - 0x00007ffaa1d5a000 	C:\WINDOWS\system32\ADVAPI32.dll
0x00007ffa95b90000 - 0x00007ffa95bae000 	C:\WINDOWS\SYSTEM32\MPR.dll
0x00007ffa9fc00000 - 0x00007ffa9fd41000 	C:\WINDOWS\system32\RPCRT4.dll
0x00007ffa9f920000 - 0x00007ffa9f979000 	C:\WINDOWS\SYSTEM32\sechost.dll
0x00007ffaa1910000 - 0x00007ffaa1b21000 	C:\WINDOWS\SYSTEM32\combase.dll
0x00007ffaa0110000 - 0x00007ffaa0261000 	C:\WINDOWS\system32\GDI32.dll
0x00007ffa9ef70000 - 0x00007ffa9ef85000 	C:\WINDOWS\SYSTEM32\profapi.dll
0x00007ffa9d770000 - 0x00007ffa9d822000 	C:\WINDOWS\SYSTEM32\SHCORE.dll
0x00007ffaa03a0000 - 0x00007ffaa03d6000 	C:\WINDOWS\system32\IMM32.DLL
0x00007ffa9fe90000 - 0x00007ffa9ffe2000 	C:\WINDOWS\system32\MSCTF.dll
0x00007ffa9d2f0000 - 0x00007ffa9d56b000 	C:\WINDOWS\WinSxS\amd64_microsoft.windows.common-controls_6595b64144ccf1df_6.0.9600.17784_none_624760d1ecb7236e\COMCTL32.dll
0x0000000071d30000 - 0x0000000071e02000 	C:\Program Files\Java\jdk1.8.0_20\jre\bin\msvcr100.dll
0x00000000714d0000 - 0x0000000071d28000 	C:\Program Files\Java\jdk1.8.0_20\jre\bin\server\jvm.dll
0x00007ffa9ccd0000 - 0x00007ffa9ccd9000 	C:\WINDOWS\SYSTEM32\WSOCK32.dll
0x00007ffa9ad80000 - 0x00007ffa9ada2000 	C:\WINDOWS\SYSTEM32\WINMM.dll
0x00007ffa9f980000 - 0x00007ffa9f987000 	C:\WINDOWS\system32\PSAPI.DLL
0x00007ffaa0340000 - 0x00007ffaa039a000 	C:\WINDOWS\system32\WS2_32.dll
0x00007ffa9ab90000 - 0x00007ffa9abba000 	C:\WINDOWS\SYSTEM32\WINMMBASE.dll
0x00007ffaa1900000 - 0x00007ffaa1909000 	C:\WINDOWS\system32\NSI.dll
0x00007ffa9f2d0000 - 0x00007ffa9f31f000 	C:\WINDOWS\SYSTEM32\cfgmgr32.dll
0x00007ffa9dd60000 - 0x00007ffa9dd88000 	C:\WINDOWS\SYSTEM32\DEVOBJ.dll
0x00000000714c0000 - 0x00000000714cf000 	C:\Program Files\Java\jdk1.8.0_20\jre\bin\verify.dll
0x0000000071490000 - 0x00000000714b8000 	C:\Program Files\Java\jdk1.8.0_20\jre\bin\java.dll
0x0000000071470000 - 0x0000000071486000 	C:\Program Files\Java\jdk1.8.0_20\jre\bin\zip.dll
0x00007ffa91b50000 - 0x00007ffa91b60000 	C:\Program Files (x86)\JetBrains\IntelliJ IDEA Community Edition 13.1.6\bin\breakgen64.dll
0x0000000071450000 - 0x000000007146a000 	C:\Program Files\Java\jdk1.8.0_20\jre\bin\net.dll
0x00007ffa9e850000 - 0x00007ffa9e8a9000 	C:\WINDOWS\system32\mswsock.dll
0x0000000071290000 - 0x0000000071428000 	C:\Program Files\Java\jdk1.8.0_20\jre\bin\awt.dll
0x00007ffaa0270000 - 0x00007ffaa0331000 	C:\WINDOWS\system32\OLEAUT32.dll
0x00007ffa9d570000 - 0x00007ffa9d591000 	C:\WINDOWS\system32\DWMAPI.DLL
0x00007ffa9dbe0000 - 0x00007ffa9dd09000 	C:\WINDOWS\system32\uxtheme.dll
0x0000000065580000 - 0x0000000065616000 	C:\Users\Henri\AppData\Local\Temp\libgdxHenri\a9c9dcdf\gdx64.dll
0x00007ffa9e8b0000 - 0x00007ffa9e8d0000 	C:\WINDOWS\SYSTEM32\CRYPTSP.dll
0x00007ffa9e390000 - 0x00007ffa9e3c6000 	C:\WINDOWS\system32\rsaenh.dll
0x00007ffa9eb00000 - 0x00007ffa9eb26000 	C:\WINDOWS\SYSTEM32\bcrypt.dll
0x00007ffa9ee40000 - 0x00007ffa9eea3000 	C:\WINDOWS\system32\bcryptprimitives.dll
0x00007ffa9eeb0000 - 0x00007ffa9eebb000 	C:\WINDOWS\SYSTEM32\CRYPTBASE.dll
0x00007ffa9b620000 - 0x00007ffa9b64a000 	C:\WINDOWS\SYSTEM32\IPHLPAPI.DLL
0x00007ffa9b600000 - 0x00007ffa9b60a000 	C:\WINDOWS\SYSTEM32\WINNSI.DLL
0x00007ffa98d20000 - 0x00007ffa98d36000 	C:\WINDOWS\SYSTEM32\dhcpcsvc6.DLL
0x00007ffa98d00000 - 0x00007ffa98d1a000 	C:\WINDOWS\SYSTEM32\dhcpcsvc.DLL
0x0000000071430000 - 0x0000000071441000 	C:\Program Files\Java\jdk1.8.0_20\jre\bin\nio.dll
0x0000000180000000 - 0x0000000180053000 	C:\Users\Henri\AppData\Local\Temp\libgdxHenri\dc0f0009\lwjgl64.dll
0x00007ffa76400000 - 0x00007ffa7652b000 	C:\WINDOWS\SYSTEM32\OPENGL32.dll
0x00007ffa9cab0000 - 0x00007ffa9caba000 	C:\WINDOWS\SYSTEM32\VERSION.dll
0x00007ffa89dc0000 - 0x00007ffa89dee000 	C:\WINDOWS\SYSTEM32\GLU32.dll
0x00007ffa76300000 - 0x00007ffa763f8000 	C:\WINDOWS\SYSTEM32\DDRAW.dll
0x00007ffa8a800000 - 0x00007ffa8a809000 	C:\WINDOWS\SYSTEM32\DCIMAN32.dll
0x0000000019230000 - 0x0000000019294000 	C:\Users\Henri\AppData\Local\Temp\libgdxHenri\dc0f0009\OpenAL64.dll
0x00007ffa9ddb0000 - 0x00007ffa9ddbb000 	C:\WINDOWS\SYSTEM32\kernel.appcore.dll
0x00007ffa9fff0000 - 0x00007ffaa00a6000 	C:\WINDOWS\SYSTEM32\clbcatq.dll
0x00007ffa8cfe0000 - 0x00007ffa8d07d000 	C:\WINDOWS\SYSTEM32\dsound.dll
0x00007ffa9e4d0000 - 0x00007ffa9e516000 	C:\WINDOWS\SYSTEM32\POWRPROF.dll
0x00007ffa9cf00000 - 0x00007ffa9cf70000 	C:\WINDOWS\System32\MMDevApi.dll
0x00007ffa92a20000 - 0x00007ffa92a9e000 	C:\WINDOWS\SYSTEM32\AUDIOSES.DLL
0x000000006d3e0000 - 0x000000006f226000 	C:\WINDOWS\SYSTEM32\nvoglv64.DLL
0x00007ffa9f6e0000 - 0x00007ffa9f8ba000 	C:\WINDOWS\system32\SETUPAPI.dll
0x00007ffa9ccb0000 - 0x00007ffa9ccc2000 	C:\WINDOWS\SYSTEM32\WTSAPI32.dll
0x00007ffa9f320000 - 0x00007ffa9f371000 	C:\WINDOWS\system32\WINTRUST.dll
0x00007ffa9f040000 - 0x00007ffa9f21f000 	C:\WINDOWS\system32\CRYPT32.dll
0x00007ffa9f020000 - 0x00007ffa9f031000 	C:\WINDOWS\system32\MSASN1.dll
0x00007ffa9b670000 - 0x00007ffa9b6a2000 	C:\WINDOWS\SYSTEM32\ntmarta.dll
0x00007ffa9e5f0000 - 0x00007ffa9e64a000 	C:\WINDOWS\SYSTEM32\WINSTA.dll
0x00007ffa9adb0000 - 0x00007ffa9ae42000 	C:\WINDOWS\SYSTEM32\mscms.dll
0x00007ffa8cf90000 - 0x00007ffa8cfd1000 	C:\WINDOWS\SYSTEM32\icm32.dll
0x0000000062840000 - 0x0000000062c97000 	C:\Users\Henri\AppData\Local\Temp\libgdxHenri\dce5cab6\gdx-bullet64.dll
0x000000006a740000 - 0x000000006a7ed000 	C:\Users\Henri\AppData\Local\Temp\libgdxHenri\39623fc\gdx-freetype64.dll
0x00007ffa9e650000 - 0x00007ffa9e6f4000 	C:\WINDOWS\SYSTEM32\DNSAPI.dll
0x00000000720e0000 - 0x0000000072106000 	C:\Program Files\Bonjour\mdnsNSP.dll
0x00007ffa930e0000 - 0x00007ffa930ea000 	C:\Windows\System32\rasadhlp.dll
0x00007ffa9b480000 - 0x00007ffa9b4eb000 	C:\WINDOWS\System32\fwpuclnt.dll
0x00000000710f0000 - 0x00000000710fd000 	C:\Program Files\Java\jdk1.8.0_20\jre\bin\management.dll
0x00007ffa92610000 - 0x00007ffa92625000 	C:\WINDOWS\system32\napinsp.dll
0x00007ffa92630000 - 0x00007ffa9264a000 	C:\WINDOWS\system32\pnrpnsp.dll
0x00007ffa9bfc0000 - 0x00007ffa9bfdb000 	C:\WINDOWS\system32\NLAapi.dll
0x00007ffa92650000 - 0x00007ffa9265d000 	C:\WINDOWS\System32\winrnr.dll
0x00007ffa96000000 - 0x00007ffa96189000 	C:\WINDOWS\SYSTEM32\dbghelp.dll

VM Arguments:
jvm_args: -Didea.launcher.port=7536 -Didea.launcher.bin.path=C:\Program Files (x86)\JetBrains\IntelliJ IDEA Community Edition 13.1.6\bin -Dfile.encoding=UTF-8 
java_command: com.intellij.rt.execution.application.AppMain com.henrik.gdxFramework.desktop.DesktopLauncher
java_class_path (initial): C:\Program Files\Java\jdk1.8.0_20\jre\lib\charsets.jar;C:\Program Files\Java\jdk1.8.0_20\jre\lib\deploy.jar;C:\Program Files\Java\jdk1.8.0_20\jre\lib\javaws.jar;C:\Program Files\Java\jdk1.8.0_20\jre\lib\jce.jar;C:\Program Files\Java\jdk1.8.0_20\jre\lib\jfr.jar;C:\Program Files\Java\jdk1.8.0_20\jre\lib\jfxswt.jar;C:\Program Files\Java\jdk1.8.0_20\jre\lib\jsse.jar;C:\Program Files\Java\jdk1.8.0_20\jre\lib\management-agent.jar;C:\Program Files\Java\jdk1.8.0_20\jre\lib\plugin.jar;C:\Program Files\Java\jdk1.8.0_20\jre\lib\resources.jar;C:\Program Files\Java\jdk1.8.0_20\jre\lib\rt.jar;C:\Program Files\Java\jdk1.8.0_20\jre\lib\ext\access-bridge-64.jar;C:\Program Files\Java\jdk1.8.0_20\jre\lib\ext\cldrdata.jar;C:\Program Files\Java\jdk1.8.0_20\jre\lib\ext\dnsns.jar;C:\Program Files\Java\jdk1.8.0_20\jre\lib\ext\jaccess.jar;C:\Program Files\Java\jdk1.8.0_20\jre\lib\ext\jfxrt.jar;C:\Program Files\Java\jdk1.8.0_20\jre\lib\ext\localedata.jar;C:\Program Files\Java\jdk1.8.0_20\jre\lib\ext\nashorn.jar;C:\Program Files\Java\jdk1.8.0_20\jre\lib\ext\sunec.jar;C:\Program Files\Java\jdk1.8.0_20\jre\lib\ext\sunjce_provider.jar;C:\Program Files\Java\jdk1.8.0_20\jre\lib\ext\sunmscapi.jar;C:\Program Files\Java\jdk1.8.0_20\jre\lib\ext\sunpkcs11.jar;C:\Program Files\Java\jdk1.8.0_20\jre\lib\ext\zipfs.jar;C:\Users\Henri\Desktop\LincolnImpGame\Advergame\desktop\build\classes\main;C:\Users\Henri\Desktop\LincolnImpGame\Advergame\core\build\classes\main;C:\Users\Henri\.gradle\caches\modules-2\files-2.1\com.badlogicgames.gdx\gdx\1.6.0\b7ac8e495b4e4828a30fa97654a17bdfb9f93734\gdx-1.6.0.jar;C:\Users\Henri\.gradle\caches\modules-2\files-2.1\com.badlogicgames.gdx\gdx-bullet\1.6.0\1d215769686614f06518658d9f4c7f955ffa109c\gdx-bullet-1.6.0.jar;C:\Users\Henri\.gradle\caches\modules-2\files-2.1\com.badlogicgames.gdx\gdx-freetype\1.6.0\2ea60958fc2ee0c519583fcd1fbda39175665d33\gdx-freetype-1.6.0.jar;C:\Users\Henri\.gradle\caches\modules-2\files-2.1\com.badlogicgames.gdx\gdx-backen
Launcher Type: SUN_STANDARD

Environment Variables:
JAVA_HOME=C:\Program Files\Java\jdk1.8.0_20\
PATH=C:\Program Files (x86)\NVIDIA Corporation\PhysX\Common;C:\ProgramData\Oracle\Java\javapath;C:\WINDOWS\system32;C:\WINDOWS;C:\WINDOWS\System32\Wbem;C:\WINDOWS\System32\WindowsPowerShell\v1.0\;C:\Program Files (x86)\Windows Live\Shared;C:\Program Files (x86)\Windows Kits\8.1\Windows Performance Toolkit\;C:\Program Files\Microsoft SQL Server\110\Tools\Binn\;C:\Program Files (x86)\Microsoft SDKs\TypeScript\1.0\;C:\Program Files\Android SDK\platform-tools;C:\Program Files (x86)\Microsoft Visual Studio 12.0\VC\bin;C:\Program Files (x86)\CMake\bin;C:\Program Files (x86)\Git\bin;C:\Program Files (x86)\Git\cmd;C:\Program Files\Microsoft\Web Platform Installer\;C:\Users\Henri\Desktop\Solarus\solarus;C:\Program Files\Java\jdk1.8.0_20;C:\ProgramData\Oracle\Java\javapath;C:\WINDOWS\system32;C:\WINDOWS;C:\WINDOWS\System32\Wbem;C:\WINDOWS\System32\WindowsPowerShell\v1.0\;C:\Program Files (x86)\Windows Live\Shared;C:\Program Files (x86)\Windows Kits\8.1\Windows Performance Toolkit\;C:\Program Files\Microsoft SQL Server\110\Tools\Binn\;C:\Program Files (x86)\Microsoft SDKs\TypeScript\1.0\;C:\Program Files\Android SDK\platform-tools;C:\Program Files (x86)\Microsoft Visual Studio 12.0\VC\bin;C:\Program Files (x86)\CMake\bin;C:\Program Files (x86)\Git\bin;C:\Program Files (x86)\Git\cmd;C:\Program Files\Microsoft\Web Platform Installer\;C:\ProgramData\Oracle\Java\javapath;C:\WINDOWS\system32;C:\WINDOWS;C:\WINDOWS\System32\Wbem;C:\WINDOWS\System32\WindowsPowerShell\v1.0\;C:\Program Files (x86)\Windows Live\Shared;C:\Program Files (x86)\Windows Kits\8.1\Windows Performance Toolkit\;C:\Program Files\Microsoft SQL Server\110\Tools\Binn\;C:\Program Files (x86)\Microsoft SDKs\TypeScript\1.0\;C:\Program Files\Android SDK\platform-tools;C:\Users\Henri\Desktop\Solarus\solarus;C:\Program Files\Java\jdk1.8.0_20;C:\Users\Henri\AppData\Local\Code\bin
USERNAME=Henri
OS=Windows_NT
PROCESSOR_IDENTIFIER=AMD64 Family 21 Model 2 Stepping 0, AuthenticAMD



---------------  S Y S T E M  ---------------

OS: Windows 8.1 , 64 bit Build 9600 

CPU:total 6 (6 cores per cpu, 1 threads per core) family 21 model 2 stepping 0, cmov, cx8, fxsr, mmx, sse, sse2, sse3, ssse3, sse4.1, sse4.2, popcnt, avx, aes, clmul, mmxext, 3dnowpref, lzcnt, sse4a, tsc, tscinvbit, tscinv, bmi1

Memory: 4k page, physical 8286464k(2914580k free), swap 9597184k(2482440k free)

vm_info: Java HotSpot(TM) 64-Bit Server VM (25.20-b23) for windows-amd64 JRE (1.8.0_20-b26), built on Jul 30 2014 13:51:23 by "java_re" with MS VC++ 10.0 (VS2010)

time: Thu May 21 17:02:21 2015
elapsed time: 86 seconds (0d 0h 1m 26s)

